This is pTeXk, Version 3.141592-p3.1.9 (sjis) (Web2C 7.5.5) (format=platex 2006.4.29)  27 JAN 2020 06:41
 Source specials enabled.
**ë≤ã∆ò_ï∂_0124.tex
(./ë≤ã∆ò_ï∂_0124.tex
pLaTeX2e <2006/01/04>+0 (based on LaTeX2e <2005/12/01> patch level 0)
Babel <v3.8h> and hyphenation patterns for english, usenglishmax, ukenglish, ba
sque, bulgarian, coptic, welsh, czech, slovak, german, ngerman, danish, spanish
, catalan, estonian, finnish, french, irish, polygreek, monogreek, ancientgreek
, croatian, hungarian, interlingua, ibycus, bahasa, icelandic, italian, latin, 
mongolian, dutch, norsk, polish, portuguese, pinyin, romanian, russian, samin, 
slovene, usorbian, serbian, swedish, turkish, ukrainian, dumylang, nohyphenatio
n, loaded.
(./suribt.cls
Document Class: suribt 2007/01/18 KUROKI Yusuke
(./jsbook.cls
Document Class: jsbook 2006/11/01 okumura
LaTeX Info: Redefining \rmfamily on input line 326.
LaTeX Info: Redefining \sffamily on input line 329.
LaTeX Info: Redefining \ttfamily on input line 332.
\symmincho=\mathgroup4
LaTeX Font Info:    Overwriting symbol font `mincho' in version `bold'
(Font)                  JY1/mc/m/n --> JY1/gt/m/n on input line 397.
LaTeX Font Info:    Font shape `JT1/mc/m/n' will be
(Font)              scaled to size 9.60999pt on input line 589.
LaTeX Font Info:    Font shape `JY1/mc/m/n' will be
(Font)              scaled to size 9.60999pt on input line 589.
\fullwidth=\dimen118
LaTeX Font Info:    Font shape `JT1/mc/m/n' will be
(Font)              scaled to size 7.68799pt on input line 744.
LaTeX Font Info:    Font shape `JY1/mc/m/n' will be
(Font)              scaled to size 7.68799pt on input line 744.
\c@part=\count81
\c@chapter=\count82
\c@section=\count83
\c@subsection=\count84
\c@subsubsection=\count85
\c@paragraph=\count86
\c@subparagraph=\count87
\c@figure=\count88
\c@table=\count89
\abovecaptionskip=\skip41
\belowcaptionskip=\skip42
\@lnumwidth=\dimen119
\bibindent=\dimen120
LaTeX Info: Redefining \TeX on input line 1755.
LaTeX Info: Redefining \LaTeX on input line 1781.
LaTeX Info: Redefining \LaTeXe on input line 1806.
\heisei=\count90
)
\@totalpage=\count91
) (c:/usr/local/share/texmf/tex/latex/amslatex/amsmath.sty
Package: amsmath 2000/07/18 v2.13 AMS math features
\@mathmargin=\skip43

For additional information on amsmath, use the `?' option.
(c:/usr/local/share/texmf/tex/latex/amslatex/amstext.sty
Package: amstext 2000/06/29 v2.01

(c:/usr/local/share/texmf/tex/latex/amslatex/amsgen.sty
File: amsgen.sty 1999/11/30 v2.0
\@emptytoks=\toks15
\ex@=\dimen121
))
(c:/usr/local/share/texmf/tex/latex/amslatex/amsbsy.sty
Package: amsbsy 1999/11/29 v1.2d
\pmbraise@=\dimen122
)
(c:/usr/local/share/texmf/tex/latex/amslatex/amsopn.sty
Package: amsopn 1999/12/14 v2.01 operator names
)
\inf@bad=\count92
LaTeX Info: Redefining \frac on input line 211.
\uproot@=\count93
\leftroot@=\count94
LaTeX Info: Redefining \overline on input line 307.
\classnum@=\count95
\DOTSCASE@=\count96
LaTeX Info: Redefining \ldots on input line 379.
LaTeX Info: Redefining \dots on input line 382.
LaTeX Info: Redefining \cdots on input line 467.
\Mathstrutbox@=\box41
\strutbox@=\box42
\big@size=\dimen123
LaTeX Font Info:    Redeclaring font encoding OML on input line 567.
LaTeX Font Info:    Redeclaring font encoding OMS on input line 568.
\macc@depth=\count97
\c@MaxMatrixCols=\count98
\dotsspace@=\muskip10
\c@parentequation=\count99
\dspbrk@lvl=\count100
\tag@help=\toks16
\row@=\count101
\column@=\count102
\maxfields@=\count103
\andhelp@=\toks17
\eqnshift@=\dimen124
\alignsep@=\dimen125
\tagshift@=\dimen126
\tagwidth@=\dimen127
\totwidth@=\dimen128
\lineht@=\dimen129
\@envbody=\toks18
\multlinegap=\skip44
\multlinetaggap=\skip45
\mathdisplay@stack=\toks19
LaTeX Info: Redefining \[ on input line 2666.
LaTeX Info: Redefining \] on input line 2667.
)
(c:/usr/local/share/texmf/tex/latex/graphics/graphicx.sty
Package: graphicx 1999/02/16 v1.0f Enhanced LaTeX Graphics (DPC,SPQR)

(c:/usr/local/share/texmf/tex/latex/graphics/keyval.sty
Package: keyval 1999/03/16 v1.13 key=value parser (DPC)
\KV@toks@=\toks20
)
(c:/usr/local/share/texmf/tex/latex/graphics/graphics.sty
Package: graphics 2006/02/20 v1.0o Standard LaTeX Graphics (DPC,SPQR)

(c:/usr/local/share/texmf/tex/latex/graphics/trig.sty
Package: trig 1999/03/16 v1.09 sin cos tan (DPC)
)
(c:/usr/local/share/texmf/tex/latex/config/graphics.cfg)
Package graphics Info: Driver file: dvips.def on input line 90.

(c:/usr/local/share/texmf/tex/latex/graphics/dvips.def
File: dvips.def 1999/02/16 v3.0i Driver-dependant file (DPC,SPQR)
))
\Gin@req@height=\dimen130
\Gin@req@width=\dimen131
)
(c:/usr/local/share/texmf/tex/latex/cite/cite.sty
Package: cite 1997/04/03  v 3.7
)
(c:/usr/local/share/texmf/tex/latex/tools/bm.sty
Package: bm 2004/02/26 v1.1c Bold Symbol Support (DPC/FMi)
\symboldoperators=\mathgroup5
\symboldletters=\mathgroup6
\symboldsymbols=\mathgroup7
\symboldmincho=\mathgroup8
LaTeX Font Info:    Redeclaring math alphabet \mathbf on input line 137.
LaTeX Info: Redefining \bm on input line 203.
)
Runaway argument?
{\huge Xtion Pro LiveÁπßÔΩ´ÁπùÔΩ°ÁπùÔΩ©ÁπßÂ†§ÁïëÁ∏∫„Éª‚óÜ\\Èöç„ÉªÁÑöÈ \ETC.
! Paragraph ended before \title was complete.
<to be read again> 
                   \par 
l.27 
     
I suspect you've forgotten a `}', causing me to apply this
control sequence to too much text. How can we recover?
My plan is to forget the whole thing and hope for the best.

LaTeX Font Info:    Font shape `JT1/mc/m/n' will be
(Font)              scaled to size 8.64899pt on input line 32.
LaTeX Font Info:    Font shape `JY1/mc/m/n' will be
(Font)              scaled to size 8.64899pt on input line 32.
LaTeX Font Info:    Font shape `JT1/gt/m/n' will be
(Font)              scaled to size 8.64899pt on input line 32.
LaTeX Font Info:    Font shape `JY1/gt/m/n' will be
(Font)              scaled to size 8.64899pt on input line 32.
LaTeX Font Info:    Font shape `JT1/gt/bx/n' in size <9> not available
(Font)              Font shape `JT1/gt/m/n' tried instead on input line 32.
LaTeX Font Info:    Font shape `JT1/gt/m/n' will be
(Font)              scaled to size 8.64899pt on input line 32.
LaTeX Font Info:    Font shape `JY1/gt/bx/n' in size <9> not available
(Font)              Font shape `JY1/gt/m/n' tried instead on input line 32.
LaTeX Font Info:    Font shape `JY1/gt/m/n' will be
(Font)              scaled to size 8.64899pt on input line 32.
[1


]

! LaTeX Error: \begin{document} ended by \end{abstract}.

See the LaTeX manual or LaTeX Companion for explanation.
Type  H <return>  for immediate help.
 ...                                              
                                                  
l.32 \end{abstract}
                   
Your command was ignored.
Type  I <command> <return>  to replace it with another command,
or  <return>  to continue without it.

! Extra \endgroup.
<recently read> \endgroup 
                          
l.32 \end{abstract}
                   
Things are pretty mixed up, but I think the worst is over.

[2

]
LaTeX Font Info:    Font shape `JT1/mc/m/n' will be
(Font)              scaled to size 23.90964pt on input line 33.
LaTeX Font Info:    Font shape `JY1/mc/m/n' will be
(Font)              scaled to size 23.90964pt on input line 33.
LaTeX Font Info:    Font shape `JT1/gt/m/n' will be
(Font)              scaled to size 23.90964pt on input line 33.
LaTeX Font Info:    Font shape `JY1/gt/m/n' will be
(Font)              scaled to size 23.90964pt on input line 33.


! LaTeX Error: Missing \begin{document}.

See the LaTeX manual or LaTeX Companion for explanation.
Type  H <return>  for immediate help.
 ...                                              
                                                  
l.33 \tableofcontents
                     %%%%%%%%%%%%% ÈÄ∂ÔΩÆË∞∫ÔΩ° %%%%%%%%
You're in trouble here.  Try typing  <return>  to proceed.
If that doesn't work, type  X <return>  to quit.

(./ë≤ã∆ò_ï∂_0124.toc)
\tf@toc=\write3
\openout3 = `ë≤ã∆ò_ï∂_0124.toc'.

LaTeX Font Info:    Font shape `JT1/mc/bx/n' in size <9> not available
(Font)              Font shape `JT1/gt/m/n' tried instead on input line 34.
LaTeX Font Info:    Font shape `JT1/gt/m/n' will be
(Font)              scaled to size 8.64899pt on input line 34.
LaTeX Font Info:    Font shape `JY1/mc/bx/n' in size <9> not available
(Font)              Font shape `JY1/gt/m/n' tried instead on input line 34.
LaTeX Font Info:    Font shape `JY1/gt/m/n' will be
(Font)              scaled to size 8.64899pt on input line 34.
 [3] [4

]
ëÊ1èÕ
LaTeX Font Info:    Font shape `JT1/mc/m/n' will be
(Font)              scaled to size 19.9311pt on input line 43.
LaTeX Font Info:    Font shape `JY1/mc/m/n' will be
(Font)              scaled to size 19.9311pt on input line 43.
LaTeX Font Info:    Font shape `JT1/gt/m/n' will be
(Font)              scaled to size 19.9311pt on input line 43.
LaTeX Font Info:    Font shape `JY1/gt/m/n' will be
(Font)              scaled to size 19.9311pt on input line 43.
Missing character: There is no ^^b1 in font cmss17!
Missing character: There is no ^^bd in font cmss17!
Missing character: There is no ^^a8 in font cmss17!
Missing character: There is no ^^c2 in font cmss17!
Missing character: There is no ^^80 in font cmss17!
Missing character: There is no ^^a4 in font cmr10!
Missing character: There is no ^^a7 in font cmr10!
Missing character: There is no ^^b9 in font cmr10!
Missing character: There is no ^^b4 in font cmr10!
Missing character: There is no ^^b8 in font cmr10!
Missing character: There is no ^^bd in font cmr10!
Missing character: There is no ^^b2 in font cmr10!
Missing character: There is no ^^bb in font cmr10!
Missing character: There is no ^^a0 in font cmr10!
Missing character: There is no ^^bb in font cmr10!
Missing character: There is no ^^a8 in font cmr10!
Missing character: There is no ^^bd in font cmr10!
Missing character: There is no ^^bd in font cmr10!
Missing character: There is no ^^ba in font cmr10!
Missing character: There is no ^^ae in font cmr10!
Missing character: There is no ^^a3 in font cmr10!
Missing character: There is no ^^bd in font cmr10!
Missing character: There is no ^^a7 in font cmr10!
Missing character: There is no ^^ba in font cmr10!
Missing character: There is no ^^ab in font cmr10!
Missing character: There is no ^^a7 in font cmr10!
Missing character: There is no ^^bb in font cmr10!
Missing character: There is no ^^8a in font cmr10!
Missing character: There is no ^^a0 in font cmr10!
Missing character: There is no ^^bb in font cmr10!
Missing character: There is no ^^80 in font cmr10!
Missing character: There is no ^^ba in font cmr10!
Missing character: There is no ^^bd in font cmr10!
Missing character: There is no ^^ad in font cmr10!
Missing character: There is no ^^bd in font cmr10!
Missing character: There is no ^^b9 in font cmr10!
Missing character: There is no ^^b8 in font cmr10!
Missing character: There is no ^^80 in font cmr10!
Missing character: There is no ^^b2 in font cmr10!
Missing character: There is no ^^a4 in font cmr10!
Missing character: There is no ^^a7 in font cmr10!
Missing character: There is no ^^80 in font cmr10!
Missing character: There is no ^^bd in font cmr10!
Missing character: There is no ^^ae in font cmr10!
Missing character: There is no ^^bd in font cmr10!
Missing character: There is no ^^a7 in font cmr10!
Missing character: There is no ^^a5 in font cmr10!
Missing character: There is no ^^bd in font cmr10!
Missing character: There is no ^^a3 in font cmr10!
Missing character: There is no ^^ba in font cmr10!
Missing character: There is no ^^bd in font cmr10!
Missing character: There is no ^^a5 in font cmr10!
Missing character: There is no ^^a8 in font cmr10!
Missing character: There is no ^^ae in font cmr10!
Missing character: There is no ^^bc in font cmr10!
Missing character: There is no ^^ba in font cmr10!
Missing character: There is no ^^bd in font cmr10!
Missing character: There is no ^^b8 in font cmr10!
Missing character: There is no ^^ba in font cmr10!
Missing character: There is no ^^b8 in font cmr10!
Missing character: There is no ^^ba in font cmr10!
Missing character: There is no ^^a8 in font cmr10!
Missing character: There is no ^^b3 in font cmr10!
Missing character: There is no ^^a8 in font cmr10!
Missing character: There is no ^^b8 in font cmr10!
Missing character: There is no ^^ba in font cmr10!
Missing character: There is no ^^a3 in font cmr10!
Missing character: There is no ^^ba in font cmr10!
Missing character: There is no ^^a6 in font cmr10!
Missing character: There is no ^^ba in font cmr10!
Missing character: There is no ^^aa in font cmr10!
Missing character: There is no ^^bb in font cmr10!
Missing character: There is no ^^ba in font cmr10!
Missing character: There is no ^^bb in font cmr10!
Missing character: There is no ^^8b in font cmr10!
Missing character: There is no ^^ba in font cmr10!
Missing character: There is no ^^b4 in font cmr10!
Missing character: There is no ^^b8 in font cmr10!
Missing character: There is no ^^ba in font cmr10!
Missing character: There is no ^^ab in font cmr10!
Missing character: There is no ^^a2 in font cmr10!
Missing character: There is no ^^a7 in font cmr10!
Missing character: There is no ^^ba in font cmr10!
Missing character: There is no ^^a6 in font cmr10!
Missing character: There is no ^^bd in font cmr10!
Missing character: There is no ^^ad in font cmr10!
Missing character: There is no ^^a3 in font cmr10!
Missing character: There is no ^^bd in font cmr10!
Missing character: There is no ^^b8 in font cmr10!
Missing character: There is no ^^c2 in font cmr10!
Missing character: There is no ^^80 in font cmr10!
Missing character: There is no ^^be in font cmr10!
Missing character: There is no ^^a5 in font cmr10!
Missing character: There is no ^^b9 in font cmr10!
Missing character: There is no ^^bd in font cmr10!
Missing character: There is no ^^b9 in font cmr10!
Missing character: There is no ^^b9 in font cmr10!
Missing character: There is no ^^b6 in font cmr10!
Missing character: There is no ^^a0 in font cmr10!
Missing character: There is no ^^ba in font cmr10!
Missing character: There is no ^^bd in font cmr10!
Missing character: There is no ^^ae in font cmr10!
Missing character: There is no ^^bd in font cmr10!
Missing character: There is no ^^ad in font cmr10!
Missing character: There is no ^^bd in font cmr10!
Missing character: There is no ^^a8 in font cmr10!
Missing character: There is no ^^bd in font cmr10!
Missing character: There is no ^^ad in font cmr10!
Missing character: There is no ^^a3 in font cmr10!
Missing character: There is no ^^c2 in font cmr10!
Missing character: There is no ^^b0 in font cmr10!
Missing character: There is no ^^a7 in font cmr10!
Missing character: There is no ^^bb in font cmr10!
Missing character: There is no ^^a0 in font cmr10!
Missing character: There is no ^^ba in font cmr10!
Missing character: There is no ^^ba in font cmr10!
Missing character: There is no ^^ae in font cmr10!
Missing character: There is no ^^a7 in font cmr10!
Missing character: There is no ^^bb in font cmr10!
Missing character: There is no ^^a7 in font cmr10!
Missing character: There is no ^^ba in font cmr10!
Missing character: There is no ^^ab in font cmr10!
Missing character: There is no ^^a5 in font cmr10!
Missing character: There is no ^^b6 in font cmr10!
Missing character: There is no ^^ad in font cmr10!
Missing character: There is no ^^bd in font cmr10!
Missing character: There is no ^^ad in font cmr10!
Missing character: There is no ^^a7 in font cmr10!
Missing character: There is no ^^bd in font cmr10!
Missing character: There is no ^^a1 in font cmr10!
Missing character: There is no ^^bc in font cmr10!
Missing character: There is no ^^9e in font cmr10!
Missing character: There is no ^^b7 in font cmr10!
Missing character: There is no ^^bb in font cmr10!
Missing character: There is no ^^bb in font cmr10!
Missing character: There is no ^^ba in font cmr10!
Missing character: There is no ^^bd in font cmr10!
Missing character: There is no ^^ae in font cmr10!
Missing character: There is no ^^bd in font cmr10!
Missing character: There is no ^^ad in font cmr10!
Missing character: There is no ^^b8 in font cmr10!
Missing character: There is no ^^ba in font cmr10!
Missing character: There is no ^^ba in font cmr10!
Missing character: There is no ^^b6 in font cmr10!
Missing character: There is no ^^b8 in font cmr10!
Missing character: There is no ^^ba in font cmr10!
Missing character: There is no ^^a8 in font cmr10!
Missing character: There is no ^^ba in font cmr10!
Missing character: There is no ^^80 in font cmr10!
Missing character: There is no ^^b8 in font cmr10!
Missing character: There is no ^^ba in font cmr10!
Missing character: There is no ^^aa in font cmr10!
Missing character: There is no ^^b9 in font cmr10!
Missing character: There is no ^^a7 in font cmr10!
Missing character: There is no ^^bb in font cmr10!
Missing character: There is no ^^a7 in font cmr10!
Missing character: There is no ^^ba in font cmr10!
Missing character: There is no ^^aa in font cmr10!
Missing character: There is no ^^ae in font cmr10!
Missing character: There is no ^^bb in font cmr10!
Missing character: There is no ^^bd in font cmr10!
Missing character: There is no ^^a2 in font cmr10!
Missing character: There is no ^^b0 in font cmr10!
Missing character: There is no ^^ba in font cmr10!
Missing character: There is no ^^a8 in font cmr10!
Missing character: There is no ^^ba in font cmr10!
Missing character: There is no ^^b1 in font cmr10!
Missing character: There is no ^^bb in font cmr10!
Missing character: There is no ^^ba in font cmr10!
Missing character: There is no ^^ae in font cmr10!
Missing character: There is no ^^bd in font cmr10!
Missing character: There is no ^^ad in font cmr10!
Missing character: There is no ^^a3 in font cmr10!
Missing character: There is no ^^b8 in font cmr10!
Missing character: There is no ^^ba in font cmr10!
Missing character: There is no ^^a8 in font cmr10!
Missing character: There is no ^^b9 in font cmr10!
Missing character: There is no ^^a7 in font cmr10!
Missing character: There is no ^^ba in font cmr10!
Missing character: There is no ^^ba in font cmr10!
Missing character: There is no ^^bd in font cmr10!
Missing character: There is no ^^a4 in font cmr10!
Missing character: There is no ^^ba in font cmr10!
Missing character: There is no ^^b1 in font cmr10!
Missing character: There is no ^^bb in font cmr10!
Missing character: There is no ^^ba in font cmr10!
Missing character: There is no ^^aa in font cmr10!
Missing character: There is no ^^bb in font cmr10!
Missing character: There is no ^^ba in font cmr10!
Missing character: There is no ^^bb in font cmr10!
\citation{Iziri-2019}
LaTeX Font Info:    Font shape `JT1/mc/bx/n' in size <10> not available
(Font)              Font shape `JT1/gt/m/n' tried instead on input line 45.
LaTeX Font Info:    Font shape `JT1/gt/m/n' will be
(Font)              scaled to size 9.60999pt on input line 45.
LaTeX Font Info:    Font shape `JY1/mc/bx/n' in size <10> not available
(Font)              Font shape `JY1/gt/m/n' tried instead on input line 45.
LaTeX Font Info:    Font shape `JY1/gt/m/n' will be
(Font)              scaled to size 9.60999pt on input line 45.

LaTeX Warning: Citation `Iziri-2019' on page 1 undefined on input line 45.

Missing character: There is no ^^ba in font cmr10!
Missing character: There is no ^^b9 in font cmr10!
Missing character: There is no ^^a7 in font cmr10!
Missing character: There is no ^^ba in font cmr10!
Missing character: There is no ^^ba in font cmr10!
Missing character: There is no ^^ab in font cmr10!
Missing character: There is no ^^a2 in font cmr10!
Missing character: There is no ^^a7 in font cmr10!
Missing character: There is no ^^a7 in font cmr10!
Missing character: There is no ^^bb in font cmr10!
Missing character: There is no ^^ba in font cmr10!
Missing character: There is no ^^ba in font cmr10!
Missing character: There is no ^^b6 in font cmr10!
Missing character: There is no ^^aa in font cmr10!
Missing character: There is no ^^ba in font cmr10!
Missing character: There is no ^^aa in font cmr10!
Missing character: There is no ^^bd in font cmr10!
Missing character: There is no ^^bb in font cmr10!
Missing character: There is no ^^b8 in font cmr10!
Missing character: There is no ^^aa in font cmr10!
Missing character: There is no ^^bc in font cmr10!
Missing character: There is no ^^80 in font cmr10!
Missing character: There is no ^^a7 in font cmr10!
Missing character: There is no ^^ab in font cmr10!
Missing character: There is no ^^bd in font cmr10!
Missing character: There is no ^^a1 in font cmr10!
Missing character: There is no ^^bd in font cmr10!
Missing character: There is no ^^a9 in font cmr10!
Missing character: There is no ^^a7 in font cmr10!
Missing character: There is no ^^bb in font cmr10!
Missing character: There is no ^^ce in font cmr10!
Missing character: There is no ^^b9 in font cmr10!
Missing character: There is no ^^b9 in font cmr10!
Missing character: There is no ^^bd in font cmr10!
Missing character: There is no ^^b3 in font cmr10!
Missing character: There is no ^^ab in font cmr10!
Missing character: There is no ^^bb in font cmr10!
Missing character: There is no ^^ac in font cmr10!
Missing character: There is no ^^bd in font cmr10!
Missing character: There is no ^^a9 in font cmr10!
Missing character: There is no ^^bd in font cmr10!
Missing character: There is no ^^aa in font cmr10!
Missing character: There is no ^^bc in font cmr10!
Missing character: There is no ^^80 in font cmr10!
Missing character: There is no ^^ba in font cmr10!
Missing character: There is no ^^a3 in font cmr10!
Missing character: There is no ^^b9 in font cmr10!
Missing character: There is no ^^a7 in font cmr10!
Missing character: There is no ^^b9 in font cmr10!
Missing character: There is no ^^a3 in font cmr10!
Missing character: There is no ^^b3 in font cmr10!
Missing character: There is no ^^a7 in font cmr10!
Missing character: There is no ^^b8 in font cmr10!
Missing character: There is no ^^bd in font cmr10!
Missing character: There is no ^^a7 in font cmr10!
Missing character: There is no ^^bd in font cmr10!
Missing character: There is no ^^b3 in font cmr10!
Missing character: There is no ^^ba in font cmr10!
Missing character: There is no ^^aa in font cmr10!
Missing character: There is no ^^ba in font cmr10!
Missing character: There is no ^^a9 in font cmr10!
Missing character: There is no ^^ba in font cmr10!
Missing character: There is no ^^bd in font cmr10!
Missing character: There is no ^^b2 in font cmr10!
Missing character: There is no ^^a9 in font cmr10!
Missing character: There is no ^^a2 in font cmr10!
Missing character: There is no ^^b2 in font cmr10!
Missing character: There is no ^^ba in font cmr10!
Missing character: There is no ^^bd in font cmr10!
Missing character: There is no ^^b8 in font cmr10!
Missing character: There is no ^^ba in font cmr10!
Missing character: There is no ^^a6 in font cmr10!
Missing character: There is no ^^ba in font cmr10!
Missing character: There is no ^^bb in font cmr10!
Missing character: There is no ^^b8 in font cmr10!
Missing character: There is no ^^ba in font cmr10!
Missing character: There is no ^^bb in font cmr10!
Missing character: There is no ^^a7 in font cmr10!
Missing character: There is no ^^ab in font cmr10!
Missing character: There is no ^^bd in font cmr10!
Missing character: There is no ^^a1 in font cmr10!
Missing character: There is no ^^bd in font cmr10!
Missing character: There is no ^^a9 in font cmr10!
Missing character: There is no ^^a7 in font cmr10!
Missing character: There is no ^^bb in font cmr10!
Missing character: There is no ^^bb in font cmr10!
Missing character: There is no ^^bb in font cmr10!
Missing character: There is no ^^b4 in font cmr10!
Missing character: There is no ^^b2 in font cmr10!
Missing character: There is no ^^bd in font cmr10!
Missing character: There is no ^^ae in font cmr10!
Missing character: There is no ^^ba in font cmr10!
Missing character: There is no ^^a7 in font cmr10!
Missing character: There is no ^^a8 in font cmr10!
Missing character: There is no ^^b9 in font cmr10!
Missing character: There is no ^^a7 in font cmr10!
Missing character: There is no ^^bc in font cmr10!
Missing character: There is no ^^b7 in font cmr10!
Missing character: There is no ^^ba in font cmr10!
Missing character: There is no ^^bb in font cmr10!
Missing character: There is no ^^a9 in font cmr10!
Missing character: There is no ^^ba in font cmr10!
Missing character: There is no ^^a2 in font cmr10!
Missing character: There is no ^^ba in font cmr10!
Missing character: There is no ^^ab in font cmr10!
Missing character: There is no ^^ba in font cmr10!
Missing character: There is no ^^ab in font cmr10!
Missing character: There is no ^^b8 in font cmr10!
Missing character: There is no ^^ba in font cmr10!
Missing character: There is no ^^a6 in font cmr10!
Missing character: There is no ^^bd in font cmr10!
Missing character: There is no ^^be in font cmr10!
Missing character: There is no ^^bd in font cmr10!
Missing character: There is no ^^a1 in font cmr10!
Missing character: There is no ^^bd in font cmr10!
Missing character: There is no ^^a9 in font cmr10!
Missing character: There is no ^^a7 in font cmr10!
Missing character: There is no ^^a4 in font cmr10!
Missing character: There is no ^^a4 in font cmr10!
Missing character: There is no ^^b8 in font cmr10!
Missing character: There is no ^^b9 in font cmr10!
Missing character: There is no ^^a7 in font cmr10!
Missing character: There is no ^^bb in font cmr10!
Missing character: There is no ^^ae in font cmr10!
Missing character: There is no ^^80 in font cmr10!
Missing character: There is no ^^b7 in font cmr10!
Missing character: There is no ^^bb in font cmr10!
Missing character: There is no ^^ba in font cmr10!
Missing character: There is no ^^bc in font cmr10!
Missing character: There is no ^^a7 in font cmr10!
Missing character: There is no ^^bb in font cmr10!
Missing character: There is no ^^bc in font cmr10!
Missing character: There is no ^^bc in font cmr10!
Missing character: There is no ^^b8 in font cmr10!
Missing character: There is no ^^ba in font cmr10!
Missing character: There is no ^^bd in font cmr10!
Missing character: There is no ^^b9 in font cmr10!
Missing character: There is no ^^a7 in font cmr10!
Missing character: There is no ^^b7 in font cmr10!
Missing character: There is no ^^a7 in font cmr10!
Missing character: There is no ^^b9 in font cmr10!
Missing character: There is no ^^ce in font cmr10!
Missing character: There is no ^^b8 in font cmr10!
Missing character: There is no ^^ba in font cmr10!
Missing character: There is no ^^ae in font cmr10!
Missing character: There is no ^^b3 in font cmr10!
Missing character: There is no ^^bd in font cmr10!
Missing character: There is no ^^b8 in font cmr10!
Missing character: There is no ^^ba in font cmr10!
Missing character: There is no ^^af in font cmr10!
Missing character: There is no ^^ae in font cmr10!
Missing character: There is no ^^a3 in font cmr10!
Missing character: There is no ^^ba in font cmr10!
Missing character: There is no ^^b1 in font cmr10!
Missing character: There is no ^^9e in font cmr10!
Missing character: There is no ^^ba in font cmr10!
Missing character: There is no ^^b4 in font cmr10!
Missing character: There is no ^^b8 in font cmr10!
Missing character: There is no ^^ba in font cmr10!
Missing character: There is no ^^a7 in font cmr10!
Missing character: There is no ^^a9 in font cmr10!
Missing character: There is no ^^b6 in font cmr10!
Missing character: There is no ^^b3 in font cmr10!
Missing character: There is no ^^a4 in font cmr10!
Missing character: There is no ^^ba in font cmr10!
Missing character: There is no ^^a7 in font cmr10!
Missing character: There is no ^^ba in font cmr10!
Missing character: There is no ^^af in font cmr10!
Missing character: There is no ^^a2 in font cmr10!
Missing character: There is no ^^ad in font cmr10!
Missing character: There is no ^^ba in font cmr10!
Missing character: There is no ^^bb in font cmr10!
Missing character: There is no ^^a9 in font cmr10!
Missing character: There is no ^^ba in font cmr10!
Missing character: There is no ^^a2 in font cmr10!
Missing character: There is no ^^ba in font cmr10!
Missing character: There is no ^^a7 in font cmr10!
Missing character: There is no ^^ba in font cmr10!
Missing character: There is no ^^ae in font cmr10!
Missing character: There is no ^^bd in font cmr10!
Missing character: There is no ^^a3 in font cmr10!
Missing character: There is no ^^bd in font cmr10!
Missing character: There is no ^^ba in font cmr10!
Missing character: There is no ^^ba in font cmr10!
Missing character: There is no ^^aa in font cmr10!
Missing character: There is no ^^bd in font cmr10!
Missing character: There is no ^^a9 in font cmr10!
Missing character: There is no ^^b4 in font cmr10!
Missing character: There is no ^^80 in font cmr10!
Missing character: There is no ^^b7 in font cmr10!
Missing character: There is no ^^bb in font cmr10!
Missing character: There is no ^^ba in font cmr10!
Missing character: There is no ^^ab in font cmr10!
Missing character: There is no ^^b8 in font cmr10!
Missing character: There is no ^^ba in font cmr10!
Missing character: There is no ^^b3 in font cmr10!
Missing character: There is no ^^bd in font cmr10!
Missing character: There is no ^^bb in font cmr10!
Missing character: There is no ^^bc in font cmr10!
Missing character: There is no ^^bd in font cmr10!
Missing character: There is no ^^ad in font cmr10!
Missing character: There is no ^^80 in font cmr10!
Missing character: There is no ^^a8 in font cmr10!
Missing character: There is no ^^ba in font cmr10!
Missing character: There is no ^^aa in font cmr10!
Missing character: There is no ^^b6 in font cmr10!
Missing character: There is no ^^ae in font cmr10!
Missing character: There is no ^^b8 in font cmr10!
Missing character: There is no ^^ba in font cmr10!
Missing character: There is no ^^b1 in font cmr10!
Missing character: There is no ^^b9 in font cmr10!
Missing character: There is no ^^a7 in font cmr10!
Missing character: There is no ^^b7 in font cmr10!
Missing character: There is no ^^a7 in font cmr10!
Missing character: There is no ^^b9 in font cmr10!
Missing character: There is no ^^ce in font cmr10!
Missing character: There is no ^^b8 in font cmr10!
Missing character: There is no ^^ba in font cmr10!
Missing character: There is no ^^ae in font cmr10!
Missing character: There is no ^^a9 in font cmr10!
Missing character: There is no ^^b6 in font cmr10!
Missing character: There is no ^^a7 in font cmr10!
Missing character: There is no ^^bd in font cmr10!
Missing character: There is no ^^a1 in font cmr10!
Missing character: There is no ^^ba in font cmr10!
Missing character: There is no ^^a6 in font cmr10!
Missing character: There is no ^^ba in font cmr10!
Missing character: There is no ^^bb in font cmr10!
Missing character: There is no ^^8b in font cmr10!
Missing character: There is no ^^bd in font cmr10!
Missing character: There is no ^^ac in font cmr10!
Missing character: There is no ^^a9 in font cmr10!
Missing character: There is no ^^b6 in font cmr10!
Missing character: There is no ^^ba in font cmr10!
Missing character: There is no ^^a7 in font cmr10!
Missing character: There is no ^^ba in font cmr10!
Missing character: There is no ^^af in font cmr10!
Missing character: There is no ^^b4 in font cmr10!
Missing character: There is no ^^be in font cmr10!
Missing character: There is no ^^a8 in font cmr10!
Missing character: There is no ^^a8 in font cmr10!
Missing character: There is no ^^bf in font cmr10!
Missing character: There is no ^^b6 in font cmr10!
Missing character: There is no ^^bb in font cmr10!
Missing character: There is no ^^b8 in font cmr10!
Missing character: There is no ^^ba in font cmr10!
Missing character: There is no ^^a7 in font cmr10!
Missing character: There is no ^^ba in font cmr10!
Missing character: There is no ^^bb in font cmr10!
Missing character: There is no ^^b9 in font cmr10!
Missing character: There is no ^^a7 in font cmr10!
Missing character: There is no ^^b7 in font cmr10!
Missing character: There is no ^^a7 in font cmr10!
Missing character: There is no ^^b9 in font cmr10!
Missing character: There is no ^^ce in font cmr10!
Missing character: There is no ^^b8 in font cmr10!
Missing character: There is no ^^ba in font cmr10!
Missing character: There is no ^^ae in font cmr10!
Missing character: There is no ^^be in font cmr10!
Missing character: There is no ^^b2 in font cmr10!
Missing character: There is no ^^b8 in font cmr10!
Missing character: There is no ^^ba in font cmr10!
Missing character: There is no ^^a4 in font cmr10!
Missing character: There is no ^^ba in font cmr10!
Missing character: There is no ^^bb in font cmr10!
Missing character: There is no ^^bb in font cmr10!
Missing character: There is no ^^a3 in font cmr10!
Missing character: There is no ^^b1 in font cmr10!
Missing character: There is no ^^bb in font cmr10!
Missing character: There is no ^^ab in font cmr10!
Missing character: There is no ^^b9 in font cmr10!
Missing character: There is no ^^a7 in font cmr10!
Missing character: There is no ^^bb in font cmr10!
Missing character: There is no ^^b1 in font cmr10!
Missing character: There is no ^^b2 in font cmr10!
Missing character: There is no ^^be in font cmr10!
Missing character: There is no ^^bf in font cmr10!
Missing character: There is no ^^b6 in font cmr10!
Missing character: There is no ^^bb in font cmr10!
Missing character: There is no ^^bb in font cmr10!
Missing character: There is no ^^ba in font cmr10!
Missing character: There is no ^^ab in font cmr10!
Missing character: There is no ^^b8 in font cmr10!
Missing character: There is no ^^ba in font cmr10!
Missing character: There is no ^^a3 in font cmr10!
Missing character: There is no ^^ba in font cmr10!
Missing character: There is no ^^a6 in font cmr10!
Missing character: There is no ^^ba in font cmr10!
Missing character: There is no ^^be in font cmr10!
Missing character: There is no ^^ba in font cmr10!
Missing character: There is no ^^b9 in font cmr10!
Missing character: There is no ^^b8 in font cmr10!
Missing character: There is no ^^ba in font cmr10!
Missing character: There is no ^^a3 in font cmr10!
Missing character: There is no ^^ba in font cmr10!
Missing character: There is no ^^a2 in font cmr10!
Missing character: There is no ^^ba in font cmr10!
Missing character: There is no ^^ab in font cmr10!
Missing character: There is no ^^b7 in font cmr10!
Missing character: There is no ^^b3 in font cmr10!
Missing character: There is no ^^b1 in font cmr10!
Missing character: There is no ^^a2 in font cmr10!
Missing character: There is no ^^ba in font cmr10!
Missing character: There is no ^^ab in font cmr10!
Missing character: There is no ^^bd in font cmr10!
Missing character: There is no ^^ae in font cmr10!
Missing character: There is no ^^ba in font cmr10!
Missing character: There is no ^^bd in font cmr10!
Missing character: There is no ^^b8 in font cmr10!
Missing character: There is no ^^ba in font cmr10!
Missing character: There is no ^^bd in font cmr10!
Missing character: There is no ^^bd in font cmr10!
Missing character: There is no ^^80 in font cmr10!
Missing character: There is no ^^bd in font cmr10!
Missing character: There is no ^^bb in font cmr10!
Missing character: There is no ^^aa in font cmr10!
Missing character: There is no ^^bd in font cmr10!
Missing character: There is no ^^ad in font cmr10!
Missing character: There is no ^^a5 in font cmr10!
Missing character: There is no ^^ba in font cmr10!
Missing character: There is no ^^be in font cmr10!
Missing character: There is no ^^a5 in font cmr10!
Missing character: There is no ^^bd in font cmr10!
Missing character: There is no ^^a5 in font cmr10!
Missing character: There is no ^^ad in font cmr10!
Missing character: There is no ^^bd in font cmr10!
Missing character: There is no ^^80 in font cmr10!
Missing character: There is no ^^a6 in font cmr10!
Missing character: There is no ^^bb in font cmr10!
Missing character: There is no ^^a7 in font cmr10!
Missing character: There is no ^^a4 in font cmr10!
Missing character: There is no ^^b8 in font cmr10!
Missing character: There is no ^^ba in font cmr10!
Missing character: There is no ^^bb in font cmr10!
Missing character: There is no ^^bd in font cmr10!
Missing character: There is no ^^ba in font cmr10!
Missing character: There is no ^^a6 in font cmr10!
Missing character: There is no ^^bd in font cmr10!
Missing character: There is no ^^a8 in font cmr10!
Missing character: There is no ^^b3 in font cmr10!
Missing character: There is no ^^b9 in font cmr10!
Missing character: There is no ^^b9 in font cmr10!
Missing character: There is no ^^a7 in font cmr10!
Missing character: There is no ^^bb in font cmr10!
Missing character: There is no ^^8a in font cmr10!
Missing character: There is no ^^bd in font cmr10!
Missing character: There is no ^^be in font cmr10!
Missing character: There is no ^^bd in font cmr10!
Missing character: There is no ^^a1 in font cmr10!
Missing character: There is no ^^bd in font cmr10!
Missing character: There is no ^^a9 in font cmr10!
Missing character: There is no ^^ba in font cmr10!
Missing character: There is no ^^ae in font cmr10!
Missing character: There is no ^^b2 in font cmr10!
Missing character: There is no ^^bd in font cmr10!
Missing character: There is no ^^ba in font cmr10!
Missing character: There is no ^^a6 in font cmr10!
Missing character: There is no ^^a7 in font cmr10!
Missing character: There is no ^^bd in font cmr10!
Missing character: There is no ^^be in font cmr10!
Missing character: There is no ^^b4 in font cmr10!
Missing character: There is no ^^b8 in font cmr10!
Missing character: There is no ^^ba in font cmr10!
Missing character: There is no ^^bb in font cmr10!
Missing character: There is no ^^bd in font cmr10!
Missing character: There is no ^^a3 in font cmr10!
Missing character: There is no ^^bd in font cmr10!
Missing character: There is no ^^ba in font cmr10!
Missing character: There is no ^^ba in font cmr10!
Missing character: There is no ^^ab in font cmr10!
Missing character: There is no ^^a3 in font cmr10!
Missing character: There is no ^^a7 in font cmr10!
Missing character: There is no ^^af in font cmr10!
Missing character: There is no ^^bb in font cmr10!
Missing character: There is no ^^bb in font cmr10!
Missing character: There is no ^^bb in font cmr10!
Missing character: There is no ^^bd in font cmr10!
Missing character: There is no ^^ac in font cmr10!
Missing character: There is no ^^bd in font cmr10!
Missing character: There is no ^^bc in font cmr10!
Missing character: There is no ^^a7 in font cmr10!
Missing character: There is no ^^b9 in font cmr10!
Missing character: There is no ^^a7 in font cmr10!
Missing character: There is no ^^bd in font cmr10!
Missing character: There is no ^^a1 in font cmr10!
Missing character: There is no ^^bd in font cmr10!
Missing character: There is no ^^ad in font cmr10!
Missing character: There is no ^^a3 in font cmr10!
Missing character: There is no ^^b9 in font cmr10!
Missing character: There is no ^^a7 in font cmr10!
Missing character: There is no ^^b9 in font cmr10!
Missing character: There is no ^^ce in font cmr10!
Missing character: There is no ^^b9 in font cmr10!
Missing character: There is no ^^a7 in font cmr10!
Missing character: There is no ^^b9 in font cmr10!
Missing character: There is no ^^80 in font cmr10!
Missing character: There is no ^^bd in font cmr10!
Missing character: There is no ^^ba in font cmr10!
Missing character: There is no ^^ba in font cmr10!
Missing character: There is no ^^b1 in font cmr10!
Missing character: There is no ^^86 in font cmr10!
Missing character: There is no ^^ba in font cmr10!
Missing character: There is no ^^b3 in font cmr10!
Missing character: There is no ^^80 in font cmr10!
Missing character: There is no ^^b8 in font cmr10!
Missing character: There is no ^^ba in font cmr10!
Missing character: There is no ^^af in font cmr10!
Missing character: There is no ^^bd in font cmr10!
Missing character: There is no ^^bb in font cmr10!
Missing character: There is no ^^b8 in font cmr10!
Missing character: There is no ^^ba in font cmr10!
Missing character: There is no ^^ab in font cmr10!
Missing character: There is no ^^80 in font cmr10!
Missing character: There is no ^^b6 in font cmr10!
Missing character: There is no ^^b9 in font cmr10!
Missing character: There is no ^^a7 in font cmr10!
Missing character: There is no ^^aa in font cmr10!
Missing character: There is no ^^b9 in font cmr10!
Missing character: There is no ^^a7 in font cmr10!
Missing character: There is no ^^a7 in font cmr10!
Missing character: There is no ^^a7 in font cmr10!
Missing character: There is no ^^af in font cmr10!
Missing character: There is no ^^bb in font cmr10!
Missing character: There is no ^^b2 in font cmr10!
Missing character: There is no ^^bd in font cmr10!
Missing character: There is no ^^ba in font cmr10!
Missing character: There is no ^^a6 in font cmr10!
Missing character: There is no ^^a7 in font cmr10!
Missing character: There is no ^^ba in font cmr10!
Missing character: There is no ^^a7 in font cmr10!
Missing character: There is no ^^bd in font cmr10!
Missing character: There is no ^^a8 in font cmr10!
Missing character: There is no ^^b3 in font cmr10!
Missing character: There is no ^^b9 in font cmr10!
Missing character: There is no ^^a0 in font cmr10!
Missing character: There is no ^^a7 in font cmr10!
Missing character: There is no ^^a2 in font cmr10!
Missing character: There is no ^^bd in font cmr10!
Missing character: There is no ^^bc in font cmr10!
Missing character: There is no ^^a3 in font cmr10!
Missing character: There is no ^^b0 in font cmr10!
Missing character: There is no ^^ba in font cmr10!
Missing character: There is no ^^a7 in font cmr10!
Missing character: There is no ^^a7 in font cmr10!
Missing character: There is no ^^bd in font cmr10!
Missing character: There is no ^^a1 in font cmr10!
Missing character: There is no ^^bd in font cmr10!
Missing character: There is no ^^b7 in font cmr10!
Missing character: There is no ^^b4 in font cmr10!
Missing character: There is no ^^ba in font cmr10!
Missing character: There is no ^^ab in font cmr10!
Missing character: There is no ^^ba in font cmr10!
Missing character: There is no ^^af in font cmr10!
Missing character: There is no ^^bd in font cmr10!
Missing character: There is no ^^be in font cmr10!
Missing character: There is no ^^bd in font cmr10!
Missing character: There is no ^^a1 in font cmr10!
Missing character: There is no ^^bd in font cmr10!
Missing character: There is no ^^a9 in font cmr10!
Missing character: There is no ^^a7 in font cmr10!
Missing character: There is no ^^b5 in font cmr10!
Missing character: There is no ^^b9 in font cmr10!
Missing character: There is no ^^bd in font cmr10!
Missing character: There is no ^^a1 in font cmr10!
Missing character: There is no ^^bd in font cmr10!
Missing character: There is no ^^a9 in font cmr10!
Missing character: There is no ^^ba in font cmr10!
Missing character: There is no ^^ab in font cmr10!
Missing character: There is no ^^a7 in font cmr10!
Missing character: There is no ^^bb in font cmr10!
Missing character: There is no ^^ac in font cmr10!
Missing character: There is no ^^a6 in font cmr10!
Missing character: There is no ^^ae in font cmr10!
Missing character: There is no ^^bd in font cmr10!
Missing character: There is no ^^b1 in font cmr10!
Missing character: There is no ^^ba in font cmr10!
Missing character: There is no ^^bb in font cmr10!
Missing character: There is no ^^ba in font cmr10!
Missing character: There is no ^^be in font cmr10!
Missing character: There is no ^^ba in font cmr10!
Missing character: There is no ^^aa in font cmr10!
Missing character: There is no ^^bd in font cmr10!
Missing character: There is no ^^ad in font cmr10!
Missing character: There is no ^^a5 in font cmr10!
Missing character: There is no ^^b9 in font cmr10!
Missing character: There is no ^^a7 in font cmr10!
Missing character: There is no ^^bb in font cmr10!
Missing character: There is no ^^be in font cmr10!
Missing character: There is no ^^bd in font cmr10!
Missing character: There is no ^^a1 in font cmr10!
Missing character: There is no ^^bd in font cmr10!
Missing character: There is no ^^a9 in font cmr10!
Missing character: There is no ^^ba in font cmr10!
Missing character: There is no ^^ae in font cmr10!
Missing character: There is no ^^a5 in font cmr10!
Missing character: There is no ^^bd in font cmr10!
Missing character: There is no ^^bf in font cmr10!
Missing character: There is no ^^bb in font cmr10!
Missing character: There is no ^^bd in font cmr10!
Missing character: There is no ^^b2 in font cmr10!
Missing character: There is no ^^bd in font cmr10!
Missing character: There is no ^^ae in font cmr10!
Missing character: There is no ^^a7 in font cmr10!
Missing character: There is no ^^bd in font cmr10!
Missing character: There is no ^^a8 in font cmr10!
Missing character: There is no ^^b2 in font cmr10!
Missing character: There is no ^^ae in font cmr10!
Missing character: There is no ^^b1 in font cmr10!
Missing character: There is no ^^a0 in font cmr10!
Missing character: There is no ^^ba in font cmr10!
Missing character: There is no ^^b4 in font cmr10!
Missing character: There is no ^^bb in font cmr10!
Missing character: There is no ^^b4 in font cmr10!
Missing character: There is no ^^b2 in font cmr10!
Missing character: There is no ^^bd in font cmr10!
Missing character: There is no ^^ae in font cmr10!
Missing character: There is no ^^ba in font cmr10!
Missing character: There is no ^^be in font cmr10!
Missing character: There is no ^^ba in font cmr10!
Missing character: There is no ^^a7 in font cmr10!
Missing character: There is no ^^a7 in font cmr10!
Missing character: There is no ^^a2 in font cmr10!
Missing character: There is no ^^bd in font cmr10!
Missing character: There is no ^^bc in font cmr10!
Missing character: There is no ^^a3 in font cmr10!
Missing character: There is no ^^b0 in font cmr10!
Missing character: There is no ^^a7 in font cmr10!
Missing character: There is no ^^a4 in font cmr10!
Missing character: There is no ^^a7 in font cmr10!
Missing character: There is no ^^bb in font cmr10!
Missing character: There is no ^^bc in font cmr10!
Missing character: There is no ^^bc in font cmr10!
Missing character: There is no ^^b8 in font cmr10!
Missing character: There is no ^^ba in font cmr10!
Missing character: There is no ^^bd in font cmr10!
Missing character: There is no ^^8b in font cmr10!
Missing character: There is no ^^ba in font cmr10!
Missing character: There is no ^^b4 in font cmr10!
Missing character: There is no ^^bb in font cmr10!
Missing character: There is no ^^b2 in font cmr10!
Missing character: There is no ^^bd in font cmr10!
Missing character: There is no ^^ba in font cmr10!
Missing character: There is no ^^a6 in font cmr10!
Missing character: There is no ^^bd in font cmr10!
Missing character: There is no ^^a8 in font cmr10!
Missing character: There is no ^^b3 in font cmr10!
Missing character: There is no ^^ba in font cmr10!
Missing character: There is no ^^ab in font cmr10!
Missing character: There is no ^^a7 in font cmr10!
Missing character: There is no ^^b8 in font cmr10!
Missing character: There is no ^^b8 in font cmr10!
Missing character: There is no ^^ba in font cmr10!
Missing character: There is no ^^ab in font cmr10!
Missing character: There is no ^^bd in font cmr10!
Missing character: There is no ^^a2 in font cmr10!
Missing character: There is no ^^bd in font cmr10!
Missing character: There is no ^^bb in font cmr10!
Missing character: There is no ^^bd in font cmr10!
Missing character: There is no ^^a6 in font cmr10!
Missing character: There is no ^^a0 in font cmr10!
Missing character: There is no ^^ba in font cmr10!
Missing character: There is no ^^a8 in font cmr10!
Missing character: There is no ^^bd in font cmr10!
Missing character: There is no ^^af in font cmr10!
Missing character: There is no ^^bd in font cmr10!
Missing character: There is no ^^bc in font cmr10!
Missing character: There is no ^^a7 in font cmr10!
Missing character: There is no ^^af in font cmr10!
Missing character: There is no ^^ba in font cmr10!
Missing character: There is no ^^ba in font cmr10!
Missing character: There is no ^^ae in font cmr10!
Missing character: There is no ^^b2 in font cmr10!
Missing character: There is no ^^bd in font cmr10!
Missing character: There is no ^^ba in font cmr10!
Missing character: There is no ^^a6 in font cmr10!
Missing character: There is no ^^a7 in font cmr10!
Missing character: There is no ^^80 in font cmr10!
Missing character: There is no ^^b3 in font cmr10!
Missing character: There is no ^^b3 in font cmr10!
Missing character: There is no ^^b9 in font cmr10!
Missing character: There is no ^^b9 in font cmr10!
Missing character: There is no ^^a7 in font cmr10!
Missing character: There is no ^^bb in font cmr10!
Missing character: There is no ^^ba in font cmr10!
Missing character: There is no ^^b4 in font cmr10!
Missing character: There is no ^^a0 in font cmr10!
Missing character: There is no ^^ba in font cmr10!
Missing character: There is no ^^a6 in font cmr10!
Missing character: There is no ^^a7 in font cmr10!
Missing character: There is no ^^a2 in font cmr10!
Missing character: There is no ^^bd in font cmr10!
Missing character: There is no ^^bc in font cmr10!
Missing character: There is no ^^a3 in font cmr10!
Missing character: There is no ^^b0 in font cmr10!
Missing character: There is no ^^ba in font cmr10!
Missing character: There is no ^^ab in font cmr10!
Missing character: There is no ^^bc in font cmr10!
Missing character: There is no ^^bd in font cmr10!
Missing character: There is no ^^b1 in font cmr10!
Missing character: There is no ^^ad in font cmr10!
Missing character: There is no ^^b9 in font cmr10!
Missing character: There is no ^^a7 in font cmr10!
Missing character: There is no ^^bd in font cmr10!
Missing character: There is no ^^b3 in font cmr10!
Missing character: There is no ^^b3 in font cmr10!
Missing character: There is no ^^a8 in font cmr10!
Missing character: There is no ^^b9 in font cmr10!
Missing character: There is no ^^bc in font cmr10!
Missing character: There is no ^^a7 in font cmr10!
Missing character: There is no ^^af in font cmr10!
Missing character: There is no ^^a7 in font cmr10!
Missing character: There is no ^^bf in font cmr10!
Missing character: There is no ^^a7 in font cmr10!
Missing character: There is no ^^80 in font cmr10!
Missing character: There is no ^^b3 in font cmr10!
Missing character: There is no ^^b3 in font cmr10!
Missing character: There is no ^^bd in font cmr10!
Missing character: There is no ^^a7 in font cmr10!
Missing character: There is no ^^bd in font cmr10!
Missing character: There is no ^^ba in font cmr10!
Missing character: There is no ^^a6 in font cmr10!
Missing character: There is no ^^ba in font cmr10!
Missing character: There is no ^^b0 in font cmr10!
Missing character: There is no ^^ba in font cmr10!
Missing character: There is no ^^a7 in font cmr10!
Missing character: There is no ^^a2 in font cmr10!
Missing character: There is no ^^ba in font cmr10!
Missing character: There is no ^^bd in font cmr10!
Missing character: There is no ^^be in font cmr10!
Missing character: There is no ^^bd in font cmr10!
Missing character: There is no ^^a1 in font cmr10!
Missing character: There is no ^^bd in font cmr10!
Missing character: There is no ^^a9 in font cmr10!
Missing character: There is no ^^a7 in font cmr10!
Missing character: There is no ^^ba in font cmr10!
Missing character: There is no ^^b6 in font cmr10!
Missing character: There is no ^^8b in font cmr10!
[1


\@writefile{toc}{\contentsline {chapter}{\numberline {ëÊ1èÕ}ÈÇ±ÂÆöÔΩ®¬Ä}{1}}
\@writefile{lof}{\addvspace {10\p@ }}
\@writefile{lot}{\addvspace {10\p@ }}
]
Missing character: There is no ^^b1 in font cmss9!
Missing character: There is no ^^bd in font cmss9!
Missing character: There is no ^^a8 in font cmss9!
Missing character: There is no ^^c2 in font cmss9!
Missing character: There is no ^^80 in font cmss9!
 [2]
ëÊ2èÕ
Missing character: There is no ^^a6 in font cmss17!
Missing character: There is no ^^bd in font cmr10!
Missing character: There is no ^^ad in font cmr10!
Missing character: There is no ^^a3 in font cmr10!
Missing character: There is no ^^b9 in font cmr10!
Missing character: There is no ^^bd in font cmr10!
Missing character: There is no ^^bc in font cmr10!
Missing character: There is no ^^a3 in font cmr10!
Missing character: There is no ^^b0 in font cmr10!
Missing character: There is no ^^ba in font cmr10!
Missing character: There is no ^^ae in font cmr10!
Missing character: There is no ^^bb in font cmr10!
Missing character: There is no ^^a7 in font cmr10!
Missing character: There is no ^^a4 in font cmr10!
Missing character: There is no ^^bc in font cmr10!
Missing character: There is no ^^a7 in font cmr10!
Missing character: There is no ^^bb in font cmr10!
Missing character: There is no ^^bb in font cmr10!
Missing character: There is no ^^b4 in font cmr10!
Missing character: There is no ^^b2 in font cmr10!
Missing character: There is no ^^bd in font cmr10!
Missing character: There is no ^^ae in font cmr10!
Missing character: There is no ^^ba in font cmr10!
Missing character: There is no ^^ab in font cmr10!
Missing character: There is no ^^bd in font cmr10!
Missing character: There is no ^^bb in font cmr10!
Missing character: There is no ^^bc in font cmr10!
Missing character: There is no ^^bc in font cmr10!
Missing character: There is no ^^b8 in font cmr10!
Missing character: There is no ^^ba in font cmr10!
Missing character: There is no ^^ba in font cmr10!
Missing character: There is no ^^bb in font cmr10!
Missing character: There is no ^^b8 in font cmr10!
Missing character: There is no ^^ba in font cmr10!
Missing character: There is no ^^bb in font cmr10!
Missing character: There is no ^^b7 in font cmr10!
Missing character: There is no ^^bb in font cmr10!
Missing character: There is no ^^aa in font cmr10!
Missing character: There is no ^^bd in font cmr10!
Missing character: There is no ^^c2 in font cmr10!
Missing character: There is no ^^80 in font cmr10!
Missing character: There is no ^^b2 in font cmr10!
Missing character: There is no ^^bd in font cmr10!
Missing character: There is no ^^ba in font cmr10!
Missing character: There is no ^^a6 in font cmr10!
Missing character: There is no ^^ba in font cmr10!
Missing character: There is no ^^a8 in font cmr10!
Missing character: There is no ^^a2 in font cmr10!
Missing character: There is no ^^a2 in font cmr10!
Missing character: There is no ^^bd in font cmr10!
Missing character: There is no ^^c2 in font cmr10!
Missing character: There is no ^^80 in font cmr10!
Missing character: There is no ^^a2 in font cmr10!
Missing character: There is no ^^bd in font cmr10!
Missing character: There is no ^^b7 in font cmr10!
Missing character: There is no ^^ba in font cmr10!
Missing character: There is no ^^a8 in font cmr10!
Missing character: There is no ^^a8 in font cmr10!
Missing character: There is no ^^ba in font cmr10!
Missing character: There is no ^^ae in font cmr10!
Missing character: There is no ^^bb in font cmr10!
Missing character: There is no ^^b4 in font cmr10!
Missing character: There is no ^^b2 in font cmr10!
Missing character: There is no ^^bd in font cmr10!
Missing character: There is no ^^ae in font cmr10!
Missing character: There is no ^^ba in font cmr10!
Missing character: There is no ^^ba in font cmr10!
Missing character: There is no ^^ba in font cmr10!
Missing character: There is no ^^a6 in font cmr10!
Missing character: There is no ^^ba in font cmr10!
Missing character: There is no ^^bb in font cmr10!
Missing character: There is no ^^b8 in font cmr10!
Missing character: There is no ^^ba in font cmr10!
Missing character: There is no ^^b0 in font cmr10!
Missing character: There is no ^^a6 in font cmr10!
Missing character: There is no ^^a7 in font cmr10!
Missing character: There is no ^^a4 in font cmr10!
Missing character: There is no ^^b8 in font cmr10!
Missing character: There is no ^^ba in font cmr10!
Missing character: There is no ^^bb in font cmr10!
Missing character: There is no ^^bb in font cmr10!
Missing character: There is no ^^a2 in font cmr10!
Missing character: There is no ^^bb in font cmr10!
Missing character: There is no ^^a6 in font cmr10!
Missing character: There is no ^^bd in font cmr10!
Missing character: There is no ^^bf in font cmr10!
Missing character: There is no ^^bd in font cmr10!
Missing character: There is no ^^a2 in font cmr10!
Missing character: There is no ^^a7 in font cmr10!
Missing character: There is no ^^bd in font cmr10!
Missing character: There is no ^^a8 in font cmr10!
Missing character: There is no ^^b2 in font cmr10!
Missing character: There is no ^^ae in font cmr10!
Missing character: There is no ^^b1 in font cmr10!
Missing character: There is no ^^b9 in font cmr10!
Missing character: There is no ^^a7 in font cmr10!
Missing character: There is no ^^bc in font cmr10!
Missing character: There is no ^^b8 in font cmr10!
Missing character: There is no ^^ba in font cmr10!
Missing character: There is no ^^a8 in font cmr10!
Missing character: There is no ^^ba in font cmr10!
Missing character: There is no ^^bd in font cmr10!
Missing character: There is no ^^a5 in font cmr10!
Missing character: There is no ^^a7 in font cmr10!
Missing character: There is no ^^bb in font cmr10!
Missing character: There is no ^^a6 in font cmr10!
Missing character: There is no ^^ba in font cmr10!
Missing character: There is no ^^a8 in font cmr10!
Missing character: There is no ^^ba in font cmr10!
Missing character: There is no ^^af in font cmr10!
Missing character: There is no ^^bd in font cmr10!
Missing character: There is no ^^ad in font cmr10!
Missing character: There is no ^^a3 in font cmr10!
Missing character: There is no ^^b9 in font cmr10!
Missing character: There is no ^^bd in font cmr10!
Missing character: There is no ^^bc in font cmr10!
Missing character: There is no ^^a3 in font cmr10!
Missing character: There is no ^^b0 in font cmr10!
Missing character: There is no ^^ba in font cmr10!
Missing character: There is no ^^ae in font cmr10!
Missing character: There is no ^^a2 in font cmr10!
Missing character: There is no ^^a2 in font cmr10!
Missing character: There is no ^^bd in font cmr10!
Missing character: There is no ^^c2 in font cmr10!
Missing character: There is no ^^80 in font cmr10!
Missing character: There is no ^^b2 in font cmr10!
Missing character: There is no ^^bd in font cmr10!
Missing character: There is no ^^ba in font cmr10!
Missing character: There is no ^^a6 in font cmr10!
Missing character: There is no ^^a7 in font cmr10!
Missing character: There is no ^^bb in font cmr10!
Missing character: There is no ^^aa in font cmr10!
Missing character: There is no ^^bd in font cmr10!
Missing character: There is no ^^c2 in font cmr10!
Missing character: There is no ^^80 in font cmr10!
Missing character: There is no ^^a2 in font cmr10!
Missing character: There is no ^^bd in font cmr10!
Missing character: There is no ^^b7 in font cmr10!
Missing character: There is no ^^ba in font cmr10!
Missing character: There is no ^^bb in font cmr10!
Missing character: There is no ^^b4 in font cmr10!
Missing character: There is no ^^b2 in font cmr10!
Missing character: There is no ^^bd in font cmr10!
Missing character: There is no ^^ae in font cmr10!
Missing character: There is no ^^bd in font cmr10!
Missing character: There is no ^^bb in font cmr10!
Missing character: There is no ^^bd in font cmr10!
Missing character: There is no ^^bf in font cmr10!
Missing character: There is no ^^bd in font cmr10!
Missing character: There is no ^^a2 in font cmr10!
Missing character: There is no ^^ba in font cmr10!
Missing character: There is no ^^ae in font cmr10!
Missing character: There is no ^^a2 in font cmr10!
Missing character: There is no ^^a2 in font cmr10!
Missing character: There is no ^^ab in font cmr10!
Missing character: There is no ^^bd in font cmr10!
Missing character: There is no ^^ac in font cmr10!
Missing character: There is no ^^a8 in font cmr10!
Missing character: There is no ^^b0 in font cmr10!
Missing character: There is no ^^b8 in font cmr10!
Missing character: There is no ^^80 in font cmr10!
Missing character: There is no ^^a8 in font cmr10!
Missing character: There is no ^^ba in font cmr10!
Missing character: There is no ^^b1 in font cmr10!
Missing character: There is no ^^b9 in font cmr10!
Missing character: There is no ^^a7 in font cmr10!
Missing character: There is no ^^ba in font cmr10!
Missing character: There is no ^^a7 in font cmr10!
Missing character: There is no ^^ba in font cmr10!
Missing character: There is no ^^bd in font cmr10!
Missing character: There is no ^^8a in font cmr10!
Missing character: There is no ^^b7 in font cmr10!
Missing character: There is no ^^bb in font cmr10!
Missing character: There is no ^^aa in font cmr10!
Missing character: There is no ^^bd in font cmr10!
Missing character: There is no ^^c2 in font cmr10!
Missing character: There is no ^^80 in font cmr10!
Missing character: There is no ^^b2 in font cmr10!
Missing character: There is no ^^bd in font cmr10!
Missing character: There is no ^^ba in font cmr10!
Missing character: There is no ^^a6 in font cmr10!
Missing character: There is no ^^ba in font cmr10!
Missing character: There is no ^^bd in font cmr10!
Missing character: There is no ^^ac in font cmr10!
Missing character: There is no ^^bb in font cmr10!
Missing character: There is no ^^b4 in font cmr10!
Missing character: There is no ^^b2 in font cmr10!
Missing character: There is no ^^bd in font cmr10!
Missing character: There is no ^^ae in font cmr10!
Missing character: There is no ^^bd in font cmr10!
Missing character: There is no ^^bb in font cmr10!
Missing character: There is no ^^bd in font cmr10!
Missing character: There is no ^^bf in font cmr10!
Missing character: There is no ^^bd in font cmr10!
Missing character: There is no ^^a2 in font cmr10!
Missing character: There is no ^^a7 in font cmr10!
Missing character: There is no ^^bd in font cmr10!
Missing character: There is no ^^b1 in font cmr10!
Missing character: There is no ^^bd in font cmr10!
Missing character: There is no ^^b9 in font cmr10!
Missing character: There is no ^^a7 in font cmr10!
Missing character: There is no ^^bc in font cmr10!
Missing character: There is no ^^b8 in font cmr10!
Missing character: There is no ^^ba in font cmr10!
Missing character: There is no ^^a8 in font cmr10!
Missing character: There is no ^^a7 in font cmr10!
Missing character: There is no ^^a3 in font cmr10!
Missing character: There is no ^^b0 in font cmr10!
Missing character: There is no ^^bb in font cmr10!
Missing character: There is no ^^c2 in font cmr10!
Missing character: There is no ^^b0 in font cmr10!
Missing character: There is no ^^ad in font cmr10!
Missing character: There is no ^^a6 in font cmr10!
Missing character: There is no ^^bb in font cmr10!
Missing character: There is no ^^b4 in font cmr10!
Missing character: There is no ^^b2 in font cmr10!
Missing character: There is no ^^bd in font cmr10!
Missing character: There is no ^^ae in font cmr10!
Missing character: There is no ^^bd in font cmr10!
Missing character: There is no ^^bb in font cmr10!
Missing character: There is no ^^bd in font cmr10!
Missing character: There is no ^^bf in font cmr10!
Missing character: There is no ^^bd in font cmr10!
Missing character: There is no ^^a2 in font cmr10!
Missing character: There is no ^^ba in font cmr10!
Missing character: There is no ^^bd in font cmr10!
Missing character: There is no ^^bb in font cmr10!
Missing character: There is no ^^aa in font cmr10!
Missing character: There is no ^^bd in font cmr10!
Missing character: There is no ^^c2 in font cmr10!
Missing character: There is no ^^80 in font cmr10!
Missing character: There is no ^^b2 in font cmr10!
Missing character: There is no ^^bd in font cmr10!
Missing character: There is no ^^ba in font cmr10!
Missing character: There is no ^^a6 in font cmr10!
Missing character: There is no ^^a7 in font cmr10!
Missing character: There is no ^^bd in font cmr10!
Missing character: There is no ^^b1 in font cmr10!
Missing character: There is no ^^bd in font cmr10!
Missing character: There is no ^^b9 in font cmr10!
Missing character: There is no ^^a7 in font cmr10!
Missing character: There is no ^^bc in font cmr10!
Missing character: There is no ^^b8 in font cmr10!
Missing character: There is no ^^ba in font cmr10!
Missing character: There is no ^^a8 in font cmr10!
Missing character: There is no ^^a7 in font cmr10!
Missing character: There is no ^^80 in font cmr10!
Missing character: There is no ^^bb in font cmr10!
Missing character: There is no ^^c2 in font cmr10!
Missing character: There is no ^^b0 in font cmr10!
Missing character: There is no ^^ad in font cmr10!
Missing character: There is no ^^a6 in font cmr10!
Missing character: There is no ^^ba in font cmr10!
Missing character: There is no ^^a8 in font cmr10!
Missing character: There is no ^^ba in font cmr10!
Missing character: There is no ^^bb in font cmr10!
Missing character: There is no ^^a7 in font cmr10!
Missing character: There is no ^^ba in font cmr10!
Missing character: There is no ^^be in font cmr10!
Missing character: There is no ^^ba in font cmr10!
Missing character: There is no ^^bb in font cmr10!
Missing character: There is no ^^bd in font cmr10!
Missing character: There is no ^^ad in font cmr10!
Missing character: There is no ^^a3 in font cmr10!
Missing character: There is no ^^b9 in font cmr10!
Missing character: There is no ^^bd in font cmr10!
Missing character: There is no ^^bc in font cmr10!
Missing character: There is no ^^a3 in font cmr10!
Missing character: There is no ^^b0 in font cmr10!
Missing character: There is no ^^ba in font cmr10!
Missing character: There is no ^^af in font cmr10!
Missing character: There is no ^^b7 in font cmr10!
Missing character: There is no ^^bb in font cmr10!
Missing character: There is no ^^aa in font cmr10!
Missing character: There is no ^^bd in font cmr10!
Missing character: There is no ^^c2 in font cmr10!
Missing character: There is no ^^80 in font cmr10!
Missing character: There is no ^^ba in font cmr10!
Missing character: There is no ^^ba in font cmr10!
Missing character: There is no ^^ab in font cmr10!
Missing character: There is no ^^bd in font cmr10!
Missing character: There is no ^^a7 in font cmr10!
Missing character: There is no ^^b3 in font cmr10!
Missing character: There is no ^^bb in font cmr10!
Missing character: There is no ^^bb in font cmr10!
Missing character: There is no ^^af in font cmr10!
Missing character: There is no ^^aa in font cmr10!
Missing character: There is no ^^bd in font cmr10!
Missing character: There is no ^^c2 in font cmr10!
Missing character: There is no ^^80 in font cmr10!
Missing character: There is no ^^bd in font cmr10!
Missing character: There is no ^^a7 in font cmr10!
Missing character: There is no ^^b3 in font cmr10!
Missing character: There is no ^^bb in font cmr10!
Missing character: There is no ^^bb in font cmr10!
Missing character: There is no ^^a8 in font cmr10!
Missing character: There is no ^^ad in font cmr10!
Missing character: There is no ^^b3 in font cmr10!
Missing character: There is no ^^b9 in font cmr10!
Missing character: There is no ^^b9 in font cmr10!
Missing character: There is no ^^a7 in font cmr10!
Missing character: There is no ^^bc in font cmr10!
Missing character: There is no ^^b8 in font cmr10!
Missing character: There is no ^^ba in font cmr10!
Missing character: There is no ^^a8 in font cmr10!
Missing character: There is no ^^ba in font cmr10!
Missing character: There is no ^^80 in font cmr10!
Missing character: There is no ^^b8 in font cmr10!
Missing character: There is no ^^ba in font cmr10!
Missing character: There is no ^^bb in font cmr10!
Missing character: There is no ^^ba in font cmr10!
Missing character: There is no ^^bd in font cmr10!
Missing character: There is no ^^a7 in font cmr10!
Missing character: There is no ^^b3 in font cmr10!
Missing character: There is no ^^bb in font cmr10!
Missing character: There is no ^^ba in font cmr10!
Missing character: There is no ^^a8 in font cmr10!
Missing character: There is no ^^bf in font cmr10!
Missing character: There is no ^^b0 in font cmr10!
Missing character: There is no ^^bd in font cmr10!
Missing character: There is no ^^a7 in font cmr10!
Missing character: There is no ^^bd in font cmr10!
Missing character: There is no ^^a8 in font cmr10!
Missing character: There is no ^^ba in font cmr10!
Missing character: There is no ^^ab in font cmr10!
Missing character: There is no ^^aa in font cmr10!
Missing character: There is no ^^ad in font cmr10!
Missing character: There is no ^^b3 in font cmr10!
Missing character: There is no ^^b9 in font cmr10!
Missing character: There is no ^^a0 in font cmr10!
Missing character: There is no ^^ba in font cmr10!
Missing character: There is no ^^b7 in font cmr10!
Missing character: There is no ^^b2 in font cmr10!
Missing character: There is no ^^ba in font cmr10!
Missing character: There is no ^^a7 in font cmr10!
Missing character: There is no ^^b3 in font cmr10!
Missing character: There is no ^^bb in font cmr10!
Missing character: There is no ^^ba in font cmr10!
Missing character: There is no ^^af in font cmr10!
Missing character: There is no ^^a6 in font cmr10!
Missing character: There is no ^^ba in font cmr10!
Missing character: There is no ^^ab in font cmr10!
Missing character: There is no ^^bd in font cmr10!
Missing character: There is no ^^a8 in font cmr10!
Missing character: There is no ^^ba in font cmr10!
Missing character: There is no ^^bb in font cmr10!
Missing character: There is no ^^b8 in font cmr10!
Missing character: There is no ^^ba in font cmr10!
Missing character: There is no ^^ba in font cmr10!
Missing character: There is no ^^a7 in font cmr10!
Missing character: There is no ^^a0 in font cmr10!
Missing character: There is no ^^b5 in font cmr10!
Missing character: There is no ^^b8 in font cmr10!
Missing character: There is no ^^ba in font cmr10!
Missing character: There is no ^^ab in font cmr10!
Missing character: There is no ^^a4 in font cmr10!
Missing character: There is no ^^ba in font cmr10!
Missing character: There is no ^^b6 in font cmr10!
Missing character: There is no ^^b8 in font cmr10!
Missing character: There is no ^^ba in font cmr10!
Missing character: There is no ^^ba in font cmr10!
Missing character: There is no ^^80 in font cmr10!
Missing character: There is no ^^b8 in font cmr10!
Missing character: There is no ^^ba in font cmr10!
Missing character: There is no ^^aa in font cmr10!
Missing character: There is no ^^8b in font cmr10!
LaTeX Font Info:    Font shape `JT1/mc/m/n' will be
(Font)              scaled to size 13.83836pt on input line 63.
LaTeX Font Info:    Font shape `JY1/mc/m/n' will be
(Font)              scaled to size 13.83836pt on input line 63.
LaTeX Font Info:    Font shape `JT1/gt/m/n' will be
(Font)              scaled to size 13.83836pt on input line 63.
LaTeX Font Info:    Font shape `JY1/gt/m/n' will be
(Font)              scaled to size 13.83836pt on input line 63.
Missing character: There is no ^^c2 in font cmss12!
Missing character: There is no ^^b0 in font cmss12!
Missing character: There is no ^^ad in font cmss12!
Missing character: There is no ^^a6 in font cmss12!
Missing character: There is no ^^c2 in font cmr10!
Missing character: There is no ^^b0 in font cmr10!
Missing character: There is no ^^ad in font cmr10!
Missing character: There is no ^^a6 in font cmr10!
Missing character: There is no ^^ba in font cmr10!
Missing character: There is no ^^a8 in font cmr10!
Missing character: There is no ^^ba in font cmr10!
Missing character: There is no ^^af in font cmr10!
Missing character: There is no ^^bd in font cmr10!
Missing character: There is no ^^ad in font cmr10!
Missing character: There is no ^^a3 in font cmr10!
Missing character: There is no ^^b9 in font cmr10!
Missing character: There is no ^^bd in font cmr10!
Missing character: There is no ^^bc in font cmr10!
Missing character: There is no ^^a3 in font cmr10!
Missing character: There is no ^^b0 in font cmr10!
Missing character: There is no ^^ba in font cmr10!
Missing character: There is no ^^ae in font cmr10!
Missing character: There is no ^^b7 in font cmr10!
Missing character: There is no ^^bb in font cmr10!
Missing character: There is no ^^aa in font cmr10!
Missing character: There is no ^^bd in font cmr10!
Missing character: There is no ^^c2 in font cmr10!
Missing character: There is no ^^80 in font cmr10!
Missing character: There is no ^^b2 in font cmr10!
Missing character: There is no ^^bd in font cmr10!
Missing character: There is no ^^ba in font cmr10!
Missing character: There is no ^^a6 in font cmr10!
Missing character: There is no ^^ba in font cmr10!
Missing character: There is no ^^ae in font cmr10!
Missing character: There is no ^^bd in font cmr10!
Missing character: There is no ^^be in font cmr10!
Missing character: There is no ^^bc in font cmr10!
Missing character: There is no ^^a5 in font cmr10!
Missing character: There is no ^^a2 in font cmr10!
Missing character: There is no ^^bd in font cmr10!
Missing character: There is no ^^bb in font cmr10!
Missing character: There is no ^^b3 in font cmr10!
Missing character: There is no ^^a6 in font cmr10!
Missing character: There is no ^^be in font cmr10!
Missing character: There is no ^^b2 in font cmr10!
Missing character: There is no ^^bb in font cmr10!
Missing character: There is no ^^a8 in font cmr10!
Missing character: There is no ^^c2 in font cmr10!
Missing character: There is no ^^b0 in font cmr10!
Missing character: There is no ^^a7 in font cmr10!
Missing character: There is no ^^bb in font cmr10!
Missing character: There is no ^^bd in font cmr10!
Missing character: There is no ^^bd in font cmr10!
Missing character: There is no ^^b2 in font cmr10!
Missing character: There is no ^^bd in font cmr10!
Missing character: There is no ^^ae in font cmr10!
Missing character: There is no ^^bd in font cmr10!
Missing character: There is no ^^bb in font cmr10!
Missing character: There is no ^^bd in font cmr10!
Missing character: There is no ^^bf in font cmr10!
Missing character: There is no ^^bd in font cmr10!
Missing character: There is no ^^a2 in font cmr10!
Missing character: There is no ^^a7 in font cmr10!
Missing character: There is no ^^bd in font cmr10!
Missing character: There is no ^^b1 in font cmr10!
Missing character: There is no ^^bd in font cmr10!
Missing character: There is no ^^b9 in font cmr10!
Missing character: There is no ^^a7 in font cmr10!
Missing character: There is no ^^bc in font cmr10!
Missing character: There is no ^^b8 in font cmr10!
Missing character: There is no ^^ba in font cmr10!
Missing character: There is no ^^a8 in font cmr10!
Missing character: There is no ^^ba in font cmr10!
Missing character: There is no ^^a7 in font cmr10!
Missing character: There is no ^^ba in font cmr10!
Missing character: There is no ^^bd in font cmr10!
Missing character: There is no ^^8a in font cmr10!
Missing character: There is no ^^ba in font cmr10!
Missing character: There is no ^^b6 in font cmr10!
Missing character: There is no ^^b9 in font cmr10!
Missing character: There is no ^^a7 in font cmr10!
Missing character: There is no ^^bb in font cmr10!
Missing character: There is no ^^b4 in font cmr10!
Missing character: There is no ^^b2 in font cmr10!
Missing character: There is no ^^bd in font cmr10!
Missing character: There is no ^^ae in font cmr10!
Missing character: There is no ^^ba in font cmr10!
Missing character: There is no ^^ae in font cmr10!
Missing character: There is no ^^a2 in font cmr10!
Missing character: There is no ^^a2 in font cmr10!
Missing character: There is no ^^bd in font cmr10!
Missing character: There is no ^^c2 in font cmr10!
Missing character: There is no ^^80 in font cmr10!
Missing character: There is no ^^bd in font cmr10!
Missing character: There is no ^^a7 in font cmr10!
Missing character: There is no ^^b3 in font cmr10!
Missing character: There is no ^^bb in font cmr10!
Missing character: There is no ^^ba in font cmr10!
Missing character: There is no ^^bd in font cmr10!
Missing character: There is no ^^ba in font cmr10!
Missing character: There is no ^^ba in font cmr10!
Missing character: There is no ^^a7 in font cmr10!
Missing character: There is no ^^b3 in font cmr10!
Missing character: There is no ^^bb in font cmr10!
Missing character: There is no ^^ba in font cmr10!
Missing character: There is no ^^b8 in font cmr10!
Missing character: There is no ^^ba in font cmr10!
Missing character: There is no ^^ae in font cmr10!
Missing character: There is no ^^a4 in font cmr10!
Missing character: There is no ^^ba in font cmr10!
Missing character: There is no ^^a8 in font cmr10!
Missing character: There is no ^^ba in font cmr10!
Missing character: There is no ^^bb in font cmr10!
Missing character: There is no ^^a7 in font cmr10!
Missing character: There is no ^^ba in font cmr10!
Missing character: There is no ^^ba in font cmr10!
Missing character: There is no ^^80 in font cmr10!
Missing character: There is no ^^b8 in font cmr10!
Missing character: There is no ^^ba in font cmr10!
Missing character: There is no ^^aa in font cmr10!
Missing character: There is no ^^8b in font cmr10!
Missing character: There is no ^^ba in font cmr10!
Missing character: There is no ^^be in font cmr10!
Missing character: There is no ^^ba in font cmr10!
Missing character: There is no ^^bb in font cmr10!
Missing character: There is no ^^c2 in font cmr10!
Missing character: There is no ^^b0 in font cmr10!
Missing character: There is no ^^ad in font cmr10!
Missing character: There is no ^^a6 in font cmr10!
Missing character: There is no ^^ba in font cmr10!
Missing character: There is no ^^af in font cmr10!
Missing character: There is no ^^b7 in font cmr10!
Missing character: There is no ^^bb in font cmr10!
Missing character: There is no ^^aa in font cmr10!
Missing character: There is no ^^bd in font cmr10!
Missing character: There is no ^^c2 in font cmr10!
Missing character: There is no ^^80 in font cmr10!
Missing character: There is no ^^ba in font cmr10!
Missing character: There is no ^^ae in font cmr10!
Missing character: There is no ^^ab in font cmr10!
Missing character: There is no ^^bd in font cmr10!
Missing character: There is no ^^bb in font cmr10!
Missing character: There is no ^^a2 in font cmr10!
Missing character: There is no ^^ba in font cmr10!
Missing character: There is no ^^a8 in font cmr10!
Missing character: There is no ^^b3 in font cmr10!
Missing character: There is no ^^a6 in font cmr10!
Missing character: There is no ^^be in font cmr10!
Missing character: There is no ^^b2 in font cmr10!
Missing character: There is no ^^ba in font cmr10!
Missing character: There is no ^^ae in font cmr10!
Missing character: There is no ^^b4 in font cmr10!
Missing character: There is no ^^b0 in font cmr10!
Missing character: There is no ^^a7 in font cmr10!
Missing character: There is no ^^ba in font cmr10!
Missing character: There is no ^^a4 in font cmr10!
)
Runaway argument?
{Èö™ËÇ≤ÔΩÆÁé≤Â©øË±ïÊâ∂Á∏∫ËñôÔºÖÁ∏∫ÔΩßÁ∏∫ÔΩØÈ´¢ÔΩ¢ÈÅΩ¬ÄË†éÔΩßËÆìÂê∂„Éª\ETC.
! File ended while scanning use of \@xdblarg.
<inserted text> 
                \par 
<*> ë≤ã∆ò_ï∂_0124.tex
                     
I suspect you have forgotten a `}', causing me
to read past where you wanted me to stop.
I'll try to recover; but if the error is serious,
you'd better type `E' or `X' now and fix your file.

! Emergency stop.
<*> ë≤ã∆ò_ï∂_0124.tex
                     
*** (job aborted, no legal \end found)

 
Here is how much of TeX's memory you used:
 1490 strings out of 94488
 16627 string characters out of 1175027
 94403 words of memory out of 1500000
 4851 multiletter control sequences out of 10000+50000
 14231 words of font info for 65 fonts, out of 600000 for 2000
 684 hyphenation exceptions out of 8191
 29i,6n,23p,1771b,389s stack positions out of 3000i,500n,5000p,200000b,5000s
Output written on ë≤ã∆ò_ï∂_0124.dvi (6 pages, 5604 bytes).
