This is pTeXk, Version 3.141592-p3.1.9 (sjis) (Web2C 7.5.5) (format=platex 2006.4.29)  7 FEB 2020 19:44
 Source specials enabled.
**卒業論文_0207.tex
(./卒業論文_0207.tex
pLaTeX2e <2006/01/04>+0 (based on LaTeX2e <2005/12/01> patch level 0)
Babel <v3.8h> and hyphenation patterns for english, usenglishmax, ukenglish, ba
sque, bulgarian, coptic, welsh, czech, slovak, german, ngerman, danish, spanish
, catalan, estonian, finnish, french, irish, polygreek, monogreek, ancientgreek
, croatian, hungarian, interlingua, ibycus, bahasa, icelandic, italian, latin, 
mongolian, dutch, norsk, polish, portuguese, pinyin, romanian, russian, samin, 
slovene, usorbian, serbian, swedish, turkish, ukrainian, dumylang, nohyphenatio
n, loaded.
(./suribt.cls
Document Class: suribt 2007/01/18 KUROKI Yusuke
(./jsbook.cls
Document Class: jsbook 2006/11/01 okumura
LaTeX Info: Redefining \rmfamily on input line 326.
LaTeX Info: Redefining \sffamily on input line 329.
LaTeX Info: Redefining \ttfamily on input line 332.
\symmincho=\mathgroup4
LaTeX Font Info:    Overwriting symbol font `mincho' in version `bold'
(Font)                  JY1/mc/m/n --> JY1/gt/m/n on input line 397.
LaTeX Font Info:    Font shape `JT1/mc/m/n' will be
(Font)              scaled to size 9.60999pt on input line 589.
LaTeX Font Info:    Font shape `JY1/mc/m/n' will be
(Font)              scaled to size 9.60999pt on input line 589.
\fullwidth=\dimen118
LaTeX Font Info:    Font shape `JT1/mc/m/n' will be
(Font)              scaled to size 7.68799pt on input line 744.
LaTeX Font Info:    Font shape `JY1/mc/m/n' will be
(Font)              scaled to size 7.68799pt on input line 744.
\c@part=\count81
\c@chapter=\count82
\c@section=\count83
\c@subsection=\count84
\c@subsubsection=\count85
\c@paragraph=\count86
\c@subparagraph=\count87
\c@figure=\count88
\c@table=\count89
\abovecaptionskip=\skip41
\belowcaptionskip=\skip42
\@lnumwidth=\dimen119
\bibindent=\dimen120
LaTeX Info: Redefining \TeX on input line 1755.
LaTeX Info: Redefining \LaTeX on input line 1781.
LaTeX Info: Redefining \LaTeXe on input line 1806.
\heisei=\count90
)
\@totalpage=\count91
) (c:/usr/local/share/texmf/tex/latex/graphics/graphicx.sty
Package: graphicx 1999/02/16 v1.0f Enhanced LaTeX Graphics (DPC,SPQR)

(c:/usr/local/share/texmf/tex/latex/graphics/keyval.sty
Package: keyval 1999/03/16 v1.13 key=value parser (DPC)
\KV@toks@=\toks15
)
(c:/usr/local/share/texmf/tex/latex/graphics/graphics.sty
Package: graphics 2006/02/20 v1.0o Standard LaTeX Graphics (DPC,SPQR)

(c:/usr/local/share/texmf/tex/latex/graphics/trig.sty
Package: trig 1999/03/16 v1.09 sin cos tan (DPC)
)
(c:/usr/local/share/texmf/tex/latex/config/graphics.cfg)
Package graphics Info: Driver file: dvipdfmx.def on input line 90.

(c:/usr/local/share/texmf/tex/latex/graphics/dvipdfmx.def
File: dvipdfmx.def 1999/02/16 v3.0i Driver-dependant file (DPC,SPQR)
))
\Gin@req@height=\dimen121
\Gin@req@width=\dimen122
)
(c:/usr/local/share/texmf/tex/latex/cite/cite.sty
Package: cite 1997/04/03  v 3.7
)
(c:/usr/local/share/texmf/tex/latex/amslatex/amsmath.sty
Package: amsmath 2000/07/18 v2.13 AMS math features
\@mathmargin=\skip43

For additional information on amsmath, use the `?' option.
(c:/usr/local/share/texmf/tex/latex/amslatex/amstext.sty
Package: amstext 2000/06/29 v2.01

(c:/usr/local/share/texmf/tex/latex/amslatex/amsgen.sty
File: amsgen.sty 1999/11/30 v2.0
\@emptytoks=\toks16
\ex@=\dimen123
))
(c:/usr/local/share/texmf/tex/latex/amslatex/amsbsy.sty
Package: amsbsy 1999/11/29 v1.2d
\pmbraise@=\dimen124
)
(c:/usr/local/share/texmf/tex/latex/amslatex/amsopn.sty
Package: amsopn 1999/12/14 v2.01 operator names
)
\inf@bad=\count92
LaTeX Info: Redefining \frac on input line 211.
\uproot@=\count93
\leftroot@=\count94
LaTeX Info: Redefining \overline on input line 307.
\classnum@=\count95
\DOTSCASE@=\count96
LaTeX Info: Redefining \ldots on input line 379.
LaTeX Info: Redefining \dots on input line 382.
LaTeX Info: Redefining \cdots on input line 467.
\Mathstrutbox@=\box41
\strutbox@=\box42
\big@size=\dimen125
LaTeX Font Info:    Redeclaring font encoding OML on input line 567.
LaTeX Font Info:    Redeclaring font encoding OMS on input line 568.
\macc@depth=\count97
\c@MaxMatrixCols=\count98
\dotsspace@=\muskip10
\c@parentequation=\count99
\dspbrk@lvl=\count100
\tag@help=\toks17
\row@=\count101
\column@=\count102
\maxfields@=\count103
\andhelp@=\toks18
\eqnshift@=\dimen126
\alignsep@=\dimen127
\tagshift@=\dimen128
\tagwidth@=\dimen129
\totwidth@=\dimen130
\lineht@=\dimen131
\@envbody=\toks19
\multlinegap=\skip44
\multlinetaggap=\skip45
\mathdisplay@stack=\toks20
LaTeX Info: Redefining \[ on input line 2666.
LaTeX Info: Redefining \] on input line 2667.
)
(c:/usr/local/share/texmf/tex/latex/amsfonts/amsfonts.sty
Package: amsfonts 2001/10/25 v2.2f
\symAMSa=\mathgroup5
\symAMSb=\mathgroup6
LaTeX Font Info:    Overwriting math alphabet `\mathfrak' in version `bold'
(Font)                  U/euf/m/n --> U/euf/b/n on input line 132.
)
(c:/usr/local/share/texmf/tex/latex/tools/bm.sty
Package: bm 2004/02/26 v1.1c Bold Symbol Support (DPC/FMi)
\symboldoperators=\mathgroup7
\symboldletters=\mathgroup8
\symboldsymbols=\mathgroup9
\symboldmincho=\mathgroup10
LaTeX Font Info:    Redeclaring math alphabet \mathbf on input line 137.
LaTeX Info: Redefining \bm on input line 203.
) (./卒業論文_0207.aux

LaTeX Warning: Label `ForwardKinematicEquation_diff' multiply defined.


LaTeX Warning: Label `fig:global' multiply defined.


LaTeX Warning: Label `perceptron_learning_low' multiply defined.


LaTeX Warning: Label `sigmoid_function' multiply defined.


LaTeX Warning: Label `sigmoid_function' multiply defined.

)
\openout1 = `卒業論文_0207.aux'.

LaTeX Font Info:    Checking defaults for OML/cmm/m/it on input line 23.
LaTeX Font Info:    ... okay on input line 23.
LaTeX Font Info:    Checking defaults for T1/cmr/m/n on input line 23.
LaTeX Font Info:    ... okay on input line 23.
LaTeX Font Info:    Checking defaults for OT1/cmr/m/n on input line 23.
LaTeX Font Info:    ... okay on input line 23.
LaTeX Font Info:    Checking defaults for OMS/cmsy/m/n on input line 23.
LaTeX Font Info:    ... okay on input line 23.
LaTeX Font Info:    Checking defaults for OMX/cmex/m/n on input line 23.
LaTeX Font Info:    ... okay on input line 23.
LaTeX Font Info:    Checking defaults for U/cmr/m/n on input line 23.
LaTeX Font Info:    ... okay on input line 23.
LaTeX Font Info:    Checking defaults for JY1/mc/m/n on input line 23.
LaTeX Font Info:    ... okay on input line 23.
LaTeX Font Info:    Checking defaults for JT1/mc/m/n on input line 23.
LaTeX Font Info:    ... okay on input line 23.
LaTeX Font Info:    Font shape `JT1/gt/m/n' will be
(Font)              scaled to size 9.60999pt on input line 24.
LaTeX Font Info:    Font shape `JY1/gt/m/n' will be
(Font)              scaled to size 9.60999pt on input line 24.
LaTeX Font Info:    Font shape `JT1/gt/m/n' will be
(Font)              scaled to size 13.83836pt on input line 24.
LaTeX Font Info:    Font shape `JY1/gt/m/n' will be
(Font)              scaled to size 13.83836pt on input line 24.
LaTeX Font Info:    Font shape `JT1/gt/m/n' will be
(Font)              scaled to size 23.90964pt on input line 24.
LaTeX Font Info:    Font shape `JY1/gt/m/n' will be
(Font)              scaled to size 23.90964pt on input line 24.
LaTeX Font Info:    Font shape `JT1/gt/m/n' will be
(Font)              scaled to size 19.9311pt on input line 24.
LaTeX Font Info:    Font shape `JY1/gt/m/n' will be
(Font)              scaled to size 19.9311pt on input line 24.
LaTeX Font Info:    Font shape `JY1/mc/m/n' will be
(Font)              scaled to size 23.90964pt on input line 24.
LaTeX Font Info:    Font shape `JY1/mc/m/n' will be
(Font)              scaled to size 19.9311pt on input line 24.
LaTeX Font Info:    Font shape `JY1/mc/m/n' will be
(Font)              scaled to size 16.60605pt on input line 24.
LaTeX Font Info:    Try loading font information for U+msa on input line 24.
 (c:/usr/local/share/texmf/tex/latex/amsfonts/umsa.fd
File: umsa.fd 2002/01/19 v2.2g AMS font definitions
)
LaTeX Font Info:    Try loading font information for U+msb on input line 24.

(c:/usr/local/share/texmf/tex/latex/amsfonts/umsb.fd
File: umsb.fd 2002/01/19 v2.2g AMS font definitions
)
LaTeX Font Info:    Font shape `JY1/gt/m/n' will be
(Font)              scaled to size 16.60605pt on input line 24.
LaTeX Font Info:    Font shape `JT1/mc/m/n' will be
(Font)              scaled to size 13.83836pt on input line 24.
LaTeX Font Info:    Font shape `JY1/mc/m/n' will be
(Font)              scaled to size 13.83836pt on input line 24.
LaTeX Font Info:    Font shape `JY1/mc/m/n' will be
(Font)              scaled to size 6.72699pt on input line 24.
LaTeX Font Info:    Font shape `JY1/gt/m/n' will be
(Font)              scaled to size 6.72699pt on input line 24.
LaTeX Font Info:    Font shape `JT1/gt/m/n' will be
(Font)              scaled to size 16.60605pt on input line 24.
 [1



]
LaTeX Font Info:    Try loading font information for OMS+cmr on input line 24.

(c:/usr/local/share/texmf/tex/latex/base/omscmr.fd
File: omscmr.fd 1999/05/25 v2.5h Standard LaTeX font definitions
)
LaTeX Font Info:    Font shape `OMS/cmr/m/n' in size <10> not available
(Font)              Font shape `OMS/cmsy/m/n' tried instead on input line 24.
 [0

] [1


] [2

]
LaTeX Font Info:    Font shape `JT1/mc/m/n' will be
(Font)              scaled to size 23.90964pt on input line 33.

(./卒業論文_0207.toc
LaTeX Font Info:    Font shape `JY1/mc/m/n' will be
(Font)              scaled to size 4.805pt on input line 3.
LaTeX Font Info:    Font shape `JY1/gt/m/n' will be
(Font)              scaled to size 4.805pt on input line 3.
)
\tf@toc=\write3
\openout3 = `卒業論文_0207.toc'.

LaTeX Font Info:    Font shape `JT1/mc/m/n' will be
(Font)              scaled to size 8.64899pt on input line 34.
LaTeX Font Info:    Font shape `JY1/mc/m/n' will be
(Font)              scaled to size 8.64899pt on input line 34.
LaTeX Font Info:    Font shape `JT1/mc/bx/n' in size <9> not available
(Font)              Font shape `JT1/gt/m/n' tried instead on input line 34.
LaTeX Font Info:    Font shape `JT1/gt/m/n' will be
(Font)              scaled to size 8.64899pt on input line 34.
LaTeX Font Info:    Font shape `JY1/mc/bx/n' in size <9> not available
(Font)              Font shape `JY1/gt/m/n' tried instead on input line 34.
LaTeX Font Info:    Font shape `JY1/gt/m/n' will be
(Font)              scaled to size 8.64899pt on input line 34.
LaTeX Font Info:    Font shape `JT1/gt/bx/n' in size <9> not available
(Font)              Font shape `JT1/gt/m/n' tried instead on input line 34.
LaTeX Font Info:    Font shape `JT1/gt/m/n' will be
(Font)              scaled to size 8.64899pt on input line 34.
LaTeX Font Info:    Font shape `JY1/gt/bx/n' in size <9> not available
(Font)              Font shape `JY1/gt/m/n' tried instead on input line 34.
LaTeX Font Info:    Font shape `JY1/gt/m/n' will be
(Font)              scaled to size 8.64899pt on input line 34.
 [3] [4

]
第1章
LaTeX Font Info:    Font shape `JT1/mc/m/n' will be
(Font)              scaled to size 19.9311pt on input line 43.
[1

]
第2章
LaTeX Font Info:    Font shape `JT1/mc/m/n' will be
(Font)              scaled to size 11.53198pt on input line 68.
LaTeX Font Info:    Font shape `JY1/mc/m/n' will be
(Font)              scaled to size 11.53198pt on input line 68.
LaTeX Font Info:    Font shape `JT1/gt/m/n' will be
(Font)              scaled to size 11.53198pt on input line 68.
LaTeX Font Info:    Font shape `JY1/gt/m/n' will be
(Font)              scaled to size 11.53198pt on input line 68.
File: ./figure/translation.eps Graphic file (type eps)
<./figure/translation.eps>
File: ./figure/1rink.eps Graphic file (type eps)
 <./figure/1rink.eps> [2

] [3]
File: ./figure/ComplexTransformation.eps Graphic file (type eps)

<./figure/ComplexTransformation.eps>
File: ./figure/InverseKinematics.eps Graphic file (type eps)
 <./figure/InverseKinematics.eps>
File: ./figure/2rink.eps Graphic file (type eps)

<./figure/2rink.eps> [4]
File: ./figure/2rink_2.eps Graphic file (type eps)
 <./figure/2rink_2.eps> [5] [6]
第3章
File: ./figure/pen_glay.eps Graphic file (type eps)
<./figure/pen_glay.eps>
File: ./figure/pen_thresh_80.eps Graphic file (type eps)
 <./figure/pen_thresh_80.eps>
File: ./figure/pen_thresh_100.eps Graphic file (type eps)

<./figure/pen_thresh_100.eps>
File: ./figure/pen_thresh_120.eps Graphic file (type eps)
 <./figure/pen_thresh_120.eps>
File: ./figure/pen_thresh_140.eps Graphic file (type eps)

<./figure/pen_thresh_140.eps>
File: ./figure/pen_thresh_160.eps Graphic file (type eps)
 <./figure/pen_thresh_160.eps>
Overfull \hbox (14.7851pt too wide) in paragraph at lines 400--451
 [][] 
 []

[7

]
LaTeX Font Info:    Font shape `JT1/mc/bx/n' in size <10> not available
(Font)              Font shape `JT1/gt/m/n' tried instead on input line 461.
LaTeX Font Info:    Font shape `JT1/gt/m/n' will be
(Font)              scaled to size 9.60999pt on input line 461.
LaTeX Font Info:    Font shape `JY1/mc/bx/n' in size <10> not available
(Font)              Font shape `JY1/gt/m/n' tried instead on input line 461.
LaTeX Font Info:    Font shape `JY1/gt/m/n' will be
(Font)              scaled to size 9.60999pt on input line 461.


LaTeX Warning: Citation `Center_Thresh' on page 8 undefined on input line 461.


LaTeX Warning: Citation `Bradley_Thresh' on page 8 undefined on input line 466.


[8]
File: ./figure/gazou.eps Graphic file (type eps)
 <./figure/gazou.eps> [9] [10]
第4章
[11

]
File: ./figure/NeuralNet.eps Graphic file (type eps)
 <./figure/NeuralNet.eps>
File: ./figure/Neuron.eps Graphic file (type eps)
 <./figure/Neuron.eps>
File: ./figure/Neuron_model.eps Graphic file (type eps)

<./figure/Neuron_model.eps>
Overfull \hbox (15.33333pt too wide) in paragraph at lines 583--602
 [][] 
 []


LaTeX Warning: Reference `Neuron' on page 12 undefined on input line 607.


LaTeX Warning: Reference `Neuron' on page 12 undefined on input line 608.

[12]
File: ./figure/perceptron.eps Graphic file (type eps)
 <./figure/perceptron.eps>
File: ./figure/2ClassSeparable.eps Graphic file (type eps)
 <./figure/2ClassSeparable.eps>
Overfull \hbox (15.33333pt too wide) in paragraph at lines 636--655
 [][] 
 []

[13]
File: ./figure/XOR_1.eps Graphic file (type eps)
 <./figure/XOR_1.eps> [14]
File: ./figure/adaline.eps Graphic file (type eps)
 <./figure/adaline.eps> [15] [16] [17] [18]
第5章
[19

]
第6章
[20

] [21


] [22

] (./卒業論文_0207.aux)

LaTeX Warning: There were undefined references.


LaTeX Warning: There were multiply-defined labels.

 ) 
Here is how much of TeX's memory you used:
 1736 strings out of 94488
 20491 string characters out of 1175027
 75860 words of memory out of 1500000
 5040 multiletter control sequences out of 10000+50000
 29865 words of font info for 129 fonts, out of 600000 for 2000
 684 hyphenation exceptions out of 8191
 29i,15n,23p,752b,671s stack positions out of 3000i,500n,5000p,200000b,5000s

Output written on 卒業論文_0207.dvi (28 pages, 67676 bytes).
